[2024-10-15T19:35:38.396+0000] {local_task_job_runner.py:120} INFO - ::group::Pre task execution logs
[2024-10-15T19:35:38.583+0000] {taskinstance.py:2076} INFO - Dependencies all met for dep_context=non-requeueable deps ti=<TaskInstance: hello_world_dag.hello_world_task1 scheduled__2024-09-22T00:00:00+00:00 [queued]>
[2024-10-15T19:35:39.102+0000] {taskinstance.py:2076} INFO - Dependencies all met for dep_context=requeueable deps ti=<TaskInstance: hello_world_dag.hello_world_task1 scheduled__2024-09-22T00:00:00+00:00 [queued]>
[2024-10-15T19:35:39.107+0000] {taskinstance.py:2306} INFO - Starting attempt 1 of 1
[2024-10-15T19:35:41.016+0000] {taskinstance.py:2330} INFO - Executing <Task(BashOperator): hello_world_task1> on 2024-09-22 00:00:00+00:00
[2024-10-15T19:35:41.811+0000] {warnings.py:112} WARNING - /home/***/.local/lib/python3.12/site-packages/***/task/task_runner/standard_task_runner.py:61: DeprecationWarning: This process (pid=3302) is multi-threaded, use of fork() may lead to deadlocks in the child.
  pid = os.fork()

[2024-10-15T19:35:42.035+0000] {standard_task_runner.py:63} INFO - Started process 3332 to run task
[2024-10-15T19:35:41.896+0000] {standard_task_runner.py:90} INFO - Running: ['***', 'tasks', 'run', 'hello_world_dag', 'hello_world_task1', 'scheduled__2024-09-22T00:00:00+00:00', '--job-id', '714', '--raw', '--subdir', 'DAGS_FOLDER/example_hello_world.py', '--cfg-path', '/tmp/tmpl1i2n_dj']
[2024-10-15T19:35:42.140+0000] {standard_task_runner.py:91} INFO - Job 714: Subtask hello_world_task1
[2024-10-15T19:35:44.175+0000] {task_command.py:426} INFO - Running <TaskInstance: hello_world_dag.hello_world_task1 scheduled__2024-09-22T00:00:00+00:00 [running]> on host f9b6cc3118f7
[2024-10-15T19:35:45.654+0000] {taskinstance.py:2648} INFO - Exporting env vars: AIRFLOW_CTX_DAG_OWNER='***' AIRFLOW_CTX_DAG_ID='hello_world_dag' AIRFLOW_CTX_TASK_ID='hello_world_task1' AIRFLOW_CTX_EXECUTION_DATE='2024-09-22T00:00:00+00:00' AIRFLOW_CTX_TRY_NUMBER='1' AIRFLOW_CTX_DAG_RUN_ID='scheduled__2024-09-22T00:00:00+00:00'
[2024-10-15T19:35:45.672+0000] {taskinstance.py:430} INFO - ::endgroup::
[2024-10-15T19:35:45.697+0000] {subprocess.py:63} INFO - Tmp dir root location: /tmp
[2024-10-15T19:35:45.710+0000] {subprocess.py:75} INFO - Running command: ['/usr/bin/bash', '-c', "echo 'Hello World!'"]
[2024-10-15T19:35:46.025+0000] {subprocess.py:86} INFO - Output:
[2024-10-15T19:35:46.040+0000] {subprocess.py:93} INFO - Hello World!
[2024-10-15T19:35:46.092+0000] {subprocess.py:97} INFO - Command exited with return code 0
[2024-10-15T19:35:46.094+0000] {taskinstance.py:441} INFO - ::group::Post task execution logs
[2024-10-15T19:35:46.247+0000] {taskinstance.py:1206} INFO - Marking task as SUCCESS. dag_id=hello_world_dag, task_id=hello_world_task1, run_id=scheduled__2024-09-22T00:00:00+00:00, execution_date=20240922T000000, start_date=20241015T193538, end_date=20241015T193546
[2024-10-15T19:35:46.574+0000] {local_task_job_runner.py:240} INFO - Task exited with return code 0
[2024-10-15T19:35:46.777+0000] {taskinstance.py:3503} INFO - 1 downstream tasks scheduled from follow-on schedule check
[2024-10-15T19:35:46.873+0000] {local_task_job_runner.py:222} INFO - ::endgroup::
