[2024-10-15T19:19:28.317+0000] {local_task_job_runner.py:120} INFO - ::group::Pre task execution logs
[2024-10-15T19:19:28.389+0000] {taskinstance.py:2076} INFO - Dependencies all met for dep_context=non-requeueable deps ti=<TaskInstance: hello_world_dag.hello_world_task1 scheduled__2023-12-19T00:00:00+00:00 [queued]>
[2024-10-15T19:19:28.423+0000] {taskinstance.py:2076} INFO - Dependencies all met for dep_context=requeueable deps ti=<TaskInstance: hello_world_dag.hello_world_task1 scheduled__2023-12-19T00:00:00+00:00 [queued]>
[2024-10-15T19:19:28.425+0000] {taskinstance.py:2306} INFO - Starting attempt 1 of 1
[2024-10-15T19:19:28.471+0000] {taskinstance.py:2330} INFO - Executing <Task(BashOperator): hello_world_task1> on 2023-12-19 00:00:00+00:00
[2024-10-15T19:19:28.491+0000] {warnings.py:112} WARNING - /home/***/.local/lib/python3.12/site-packages/***/task/task_runner/standard_task_runner.py:61: DeprecationWarning: This process (pid=911) is multi-threaded, use of fork() may lead to deadlocks in the child.
  pid = os.fork()

[2024-10-15T19:19:28.495+0000] {standard_task_runner.py:63} INFO - Started process 936 to run task
[2024-10-15T19:19:28.516+0000] {standard_task_runner.py:90} INFO - Running: ['***', 'tasks', 'run', 'hello_world_dag', 'hello_world_task1', 'scheduled__2023-12-19T00:00:00+00:00', '--job-id', '157', '--raw', '--subdir', 'DAGS_FOLDER/example_hello_world.py', '--cfg-path', '/tmp/tmpkl37gzpp']
[2024-10-15T19:19:28.529+0000] {standard_task_runner.py:91} INFO - Job 157: Subtask hello_world_task1
[2024-10-15T19:19:28.787+0000] {task_command.py:426} INFO - Running <TaskInstance: hello_world_dag.hello_world_task1 scheduled__2023-12-19T00:00:00+00:00 [running]> on host f9b6cc3118f7
[2024-10-15T19:19:29.156+0000] {taskinstance.py:2648} INFO - Exporting env vars: AIRFLOW_CTX_DAG_OWNER='***' AIRFLOW_CTX_DAG_ID='hello_world_dag' AIRFLOW_CTX_TASK_ID='hello_world_task1' AIRFLOW_CTX_EXECUTION_DATE='2023-12-19T00:00:00+00:00' AIRFLOW_CTX_TRY_NUMBER='1' AIRFLOW_CTX_DAG_RUN_ID='scheduled__2023-12-19T00:00:00+00:00'
[2024-10-15T19:19:29.161+0000] {taskinstance.py:430} INFO - ::endgroup::
[2024-10-15T19:19:29.166+0000] {subprocess.py:63} INFO - Tmp dir root location: /tmp
[2024-10-15T19:19:29.168+0000] {subprocess.py:75} INFO - Running command: ['/usr/bin/bash', '-c', "echo 'Hello World!'"]
[2024-10-15T19:19:29.191+0000] {subprocess.py:86} INFO - Output:
[2024-10-15T19:19:29.195+0000] {subprocess.py:93} INFO - Hello World!
[2024-10-15T19:19:29.197+0000] {subprocess.py:97} INFO - Command exited with return code 0
[2024-10-15T19:19:29.199+0000] {taskinstance.py:441} INFO - ::group::Post task execution logs
[2024-10-15T19:19:29.254+0000] {taskinstance.py:1206} INFO - Marking task as SUCCESS. dag_id=hello_world_dag, task_id=hello_world_task1, run_id=scheduled__2023-12-19T00:00:00+00:00, execution_date=20231219T000000, start_date=20241015T191928, end_date=20241015T191929
[2024-10-15T19:19:29.301+0000] {local_task_job_runner.py:240} INFO - Task exited with return code 0
[2024-10-15T19:19:29.364+0000] {taskinstance.py:3503} INFO - 1 downstream tasks scheduled from follow-on schedule check
[2024-10-15T19:19:29.367+0000] {local_task_job_runner.py:222} INFO - ::endgroup::
