[2024-10-15T19:20:30.580+0000] {local_task_job_runner.py:120} INFO - ::group::Pre task execution logs
[2024-10-15T19:20:30.772+0000] {taskinstance.py:2076} INFO - Dependencies all met for dep_context=non-requeueable deps ti=<TaskInstance: hello_world_dag.hello_world_task1 scheduled__2024-01-05T00:00:00+00:00 [queued]>
[2024-10-15T19:20:30.834+0000] {taskinstance.py:2076} INFO - Dependencies all met for dep_context=requeueable deps ti=<TaskInstance: hello_world_dag.hello_world_task1 scheduled__2024-01-05T00:00:00+00:00 [queued]>
[2024-10-15T19:20:30.846+0000] {taskinstance.py:2306} INFO - Starting attempt 1 of 1
[2024-10-15T19:20:31.032+0000] {taskinstance.py:2330} INFO - Executing <Task(BashOperator): hello_world_task1> on 2024-01-05 00:00:00+00:00
[2024-10-15T19:20:31.062+0000] {warnings.py:112} WARNING - /home/***/.local/lib/python3.12/site-packages/***/task/task_runner/standard_task_runner.py:61: DeprecationWarning: This process (pid=1070) is multi-threaded, use of fork() may lead to deadlocks in the child.
  pid = os.fork()

[2024-10-15T19:20:31.072+0000] {standard_task_runner.py:90} INFO - Running: ['***', 'tasks', 'run', 'hello_world_dag', 'hello_world_task1', 'scheduled__2024-01-05T00:00:00+00:00', '--job-id', '191', '--raw', '--subdir', 'DAGS_FOLDER/example_hello_world.py', '--cfg-path', '/tmp/tmpy1g21je9']
[2024-10-15T19:20:31.076+0000] {standard_task_runner.py:63} INFO - Started process 1093 to run task
[2024-10-15T19:20:31.114+0000] {standard_task_runner.py:91} INFO - Job 191: Subtask hello_world_task1
[2024-10-15T19:20:31.450+0000] {task_command.py:426} INFO - Running <TaskInstance: hello_world_dag.hello_world_task1 scheduled__2024-01-05T00:00:00+00:00 [running]> on host f9b6cc3118f7
[2024-10-15T19:20:32.366+0000] {taskinstance.py:2648} INFO - Exporting env vars: AIRFLOW_CTX_DAG_OWNER='***' AIRFLOW_CTX_DAG_ID='hello_world_dag' AIRFLOW_CTX_TASK_ID='hello_world_task1' AIRFLOW_CTX_EXECUTION_DATE='2024-01-05T00:00:00+00:00' AIRFLOW_CTX_TRY_NUMBER='1' AIRFLOW_CTX_DAG_RUN_ID='scheduled__2024-01-05T00:00:00+00:00'
[2024-10-15T19:20:32.379+0000] {taskinstance.py:430} INFO - ::endgroup::
[2024-10-15T19:20:32.395+0000] {subprocess.py:63} INFO - Tmp dir root location: /tmp
[2024-10-15T19:20:32.403+0000] {subprocess.py:75} INFO - Running command: ['/usr/bin/bash', '-c', "echo 'Hello World!'"]
[2024-10-15T19:20:32.470+0000] {subprocess.py:86} INFO - Output:
[2024-10-15T19:20:32.476+0000] {subprocess.py:93} INFO - Hello World!
[2024-10-15T19:20:32.478+0000] {subprocess.py:97} INFO - Command exited with return code 0
[2024-10-15T19:20:32.481+0000] {taskinstance.py:441} INFO - ::group::Post task execution logs
[2024-10-15T19:20:32.666+0000] {taskinstance.py:1206} INFO - Marking task as SUCCESS. dag_id=hello_world_dag, task_id=hello_world_task1, run_id=scheduled__2024-01-05T00:00:00+00:00, execution_date=20240105T000000, start_date=20241015T192030, end_date=20241015T192032
[2024-10-15T19:20:33.400+0000] {local_task_job_runner.py:240} INFO - Task exited with return code 0
[2024-10-15T19:20:33.716+0000] {taskinstance.py:3503} INFO - 1 downstream tasks scheduled from follow-on schedule check
[2024-10-15T19:20:33.739+0000] {local_task_job_runner.py:222} INFO - ::endgroup::
