[2024-10-15T19:35:51.383+0000] {local_task_job_runner.py:120} INFO - ::group::Pre task execution logs
[2024-10-15T19:35:51.492+0000] {taskinstance.py:2076} INFO - Dependencies all met for dep_context=non-requeueable deps ti=<TaskInstance: hello_world_dag.hello_world_task1 scheduled__2024-09-25T00:00:00+00:00 [queued]>
[2024-10-15T19:35:51.546+0000] {taskinstance.py:2076} INFO - Dependencies all met for dep_context=requeueable deps ti=<TaskInstance: hello_world_dag.hello_world_task1 scheduled__2024-09-25T00:00:00+00:00 [queued]>
[2024-10-15T19:35:51.559+0000] {taskinstance.py:2306} INFO - Starting attempt 1 of 1
[2024-10-15T19:35:51.726+0000] {taskinstance.py:2330} INFO - Executing <Task(BashOperator): hello_world_task1> on 2024-09-25 00:00:00+00:00
[2024-10-15T19:35:51.756+0000] {warnings.py:112} WARNING - /home/***/.local/lib/python3.12/site-packages/***/task/task_runner/standard_task_runner.py:61: DeprecationWarning: This process (pid=3305) is multi-threaded, use of fork() may lead to deadlocks in the child.
  pid = os.fork()

[2024-10-15T19:35:51.772+0000] {standard_task_runner.py:63} INFO - Started process 3354 to run task
[2024-10-15T19:35:51.775+0000] {standard_task_runner.py:90} INFO - Running: ['***', 'tasks', 'run', 'hello_world_dag', 'hello_world_task1', 'scheduled__2024-09-25T00:00:00+00:00', '--job-id', '717', '--raw', '--subdir', 'DAGS_FOLDER/example_hello_world.py', '--cfg-path', '/tmp/tmppps_998a']
[2024-10-15T19:35:51.791+0000] {standard_task_runner.py:91} INFO - Job 717: Subtask hello_world_task1
[2024-10-15T19:35:52.124+0000] {task_command.py:426} INFO - Running <TaskInstance: hello_world_dag.hello_world_task1 scheduled__2024-09-25T00:00:00+00:00 [running]> on host f9b6cc3118f7
[2024-10-15T19:35:52.985+0000] {taskinstance.py:2648} INFO - Exporting env vars: AIRFLOW_CTX_DAG_OWNER='***' AIRFLOW_CTX_DAG_ID='hello_world_dag' AIRFLOW_CTX_TASK_ID='hello_world_task1' AIRFLOW_CTX_EXECUTION_DATE='2024-09-25T00:00:00+00:00' AIRFLOW_CTX_TRY_NUMBER='1' AIRFLOW_CTX_DAG_RUN_ID='scheduled__2024-09-25T00:00:00+00:00'
[2024-10-15T19:35:52.990+0000] {taskinstance.py:430} INFO - ::endgroup::
[2024-10-15T19:35:52.993+0000] {subprocess.py:63} INFO - Tmp dir root location: /tmp
[2024-10-15T19:35:52.998+0000] {subprocess.py:75} INFO - Running command: ['/usr/bin/bash', '-c', "echo 'Hello World!'"]
[2024-10-15T19:35:53.080+0000] {subprocess.py:86} INFO - Output:
[2024-10-15T19:35:53.084+0000] {subprocess.py:93} INFO - Hello World!
[2024-10-15T19:35:53.086+0000] {subprocess.py:97} INFO - Command exited with return code 0
[2024-10-15T19:35:53.088+0000] {taskinstance.py:441} INFO - ::group::Post task execution logs
[2024-10-15T19:35:53.314+0000] {taskinstance.py:1206} INFO - Marking task as SUCCESS. dag_id=hello_world_dag, task_id=hello_world_task1, run_id=scheduled__2024-09-25T00:00:00+00:00, execution_date=20240925T000000, start_date=20241015T193551, end_date=20241015T193553
[2024-10-15T19:35:53.494+0000] {local_task_job_runner.py:240} INFO - Task exited with return code 0
[2024-10-15T19:35:53.528+0000] {local_task_job_runner.py:222} INFO - ::endgroup::
