[2024-10-15T19:19:49.100+0000] {local_task_job_runner.py:120} INFO - ::group::Pre task execution logs
[2024-10-15T19:19:49.214+0000] {taskinstance.py:2076} INFO - Dependencies all met for dep_context=non-requeueable deps ti=<TaskInstance: hello_world_dag.hello_world_task1 scheduled__2023-12-23T00:00:00+00:00 [queued]>
[2024-10-15T19:19:49.258+0000] {taskinstance.py:2076} INFO - Dependencies all met for dep_context=requeueable deps ti=<TaskInstance: hello_world_dag.hello_world_task1 scheduled__2023-12-23T00:00:00+00:00 [queued]>
[2024-10-15T19:19:49.261+0000] {taskinstance.py:2306} INFO - Starting attempt 1 of 1
[2024-10-15T19:19:49.312+0000] {taskinstance.py:2330} INFO - Executing <Task(BashOperator): hello_world_task1> on 2023-12-23 00:00:00+00:00
[2024-10-15T19:19:49.362+0000] {warnings.py:112} WARNING - /home/***/.local/lib/python3.12/site-packages/***/task/task_runner/standard_task_runner.py:61: DeprecationWarning: This process (pid=958) is multi-threaded, use of fork() may lead to deadlocks in the child.
  pid = os.fork()

[2024-10-15T19:19:49.378+0000] {standard_task_runner.py:63} INFO - Started process 996 to run task
[2024-10-15T19:19:49.375+0000] {standard_task_runner.py:90} INFO - Running: ['***', 'tasks', 'run', 'hello_world_dag', 'hello_world_task1', 'scheduled__2023-12-23T00:00:00+00:00', '--job-id', '168', '--raw', '--subdir', 'DAGS_FOLDER/example_hello_world.py', '--cfg-path', '/tmp/tmphbm216xi']
[2024-10-15T19:19:49.400+0000] {standard_task_runner.py:91} INFO - Job 168: Subtask hello_world_task1
[2024-10-15T19:19:49.624+0000] {task_command.py:426} INFO - Running <TaskInstance: hello_world_dag.hello_world_task1 scheduled__2023-12-23T00:00:00+00:00 [running]> on host f9b6cc3118f7
[2024-10-15T19:19:50.121+0000] {taskinstance.py:2648} INFO - Exporting env vars: AIRFLOW_CTX_DAG_OWNER='***' AIRFLOW_CTX_DAG_ID='hello_world_dag' AIRFLOW_CTX_TASK_ID='hello_world_task1' AIRFLOW_CTX_EXECUTION_DATE='2023-12-23T00:00:00+00:00' AIRFLOW_CTX_TRY_NUMBER='1' AIRFLOW_CTX_DAG_RUN_ID='scheduled__2023-12-23T00:00:00+00:00'
[2024-10-15T19:19:50.139+0000] {taskinstance.py:430} INFO - ::endgroup::
[2024-10-15T19:19:50.141+0000] {subprocess.py:63} INFO - Tmp dir root location: /tmp
[2024-10-15T19:19:50.144+0000] {subprocess.py:75} INFO - Running command: ['/usr/bin/bash', '-c', "echo 'Hello World!'"]
[2024-10-15T19:19:50.173+0000] {subprocess.py:86} INFO - Output:
[2024-10-15T19:19:50.178+0000] {subprocess.py:93} INFO - Hello World!
[2024-10-15T19:19:50.179+0000] {subprocess.py:97} INFO - Command exited with return code 0
[2024-10-15T19:19:50.181+0000] {taskinstance.py:441} INFO - ::group::Post task execution logs
[2024-10-15T19:19:50.251+0000] {taskinstance.py:1206} INFO - Marking task as SUCCESS. dag_id=hello_world_dag, task_id=hello_world_task1, run_id=scheduled__2023-12-23T00:00:00+00:00, execution_date=20231223T000000, start_date=20241015T191949, end_date=20241015T191950
[2024-10-15T19:19:50.348+0000] {local_task_job_runner.py:240} INFO - Task exited with return code 0
[2024-10-15T19:19:50.463+0000] {taskinstance.py:3503} INFO - 1 downstream tasks scheduled from follow-on schedule check
[2024-10-15T19:19:50.494+0000] {local_task_job_runner.py:222} INFO - ::endgroup::
