[2024-10-15T19:29:57.988+0000] {local_task_job_runner.py:120} INFO - ::group::Pre task execution logs
[2024-10-15T19:29:58.080+0000] {taskinstance.py:2076} INFO - Dependencies all met for dep_context=non-requeueable deps ti=<TaskInstance: hello_world_dag.hello_world_task1 scheduled__2024-06-14T00:00:00+00:00 [queued]>
[2024-10-15T19:29:58.121+0000] {taskinstance.py:2076} INFO - Dependencies all met for dep_context=requeueable deps ti=<TaskInstance: hello_world_dag.hello_world_task1 scheduled__2024-06-14T00:00:00+00:00 [queued]>
[2024-10-15T19:29:58.122+0000] {taskinstance.py:2306} INFO - Starting attempt 1 of 1
[2024-10-15T19:29:58.171+0000] {taskinstance.py:2330} INFO - Executing <Task(BashOperator): hello_world_task1> on 2024-06-14 00:00:00+00:00
[2024-10-15T19:29:58.415+0000] {warnings.py:112} WARNING - /home/***/.local/lib/python3.12/site-packages/***/task/task_runner/standard_task_runner.py:61: DeprecationWarning: This process (pid=2464) is multi-threaded, use of fork() may lead to deadlocks in the child.
  pid = os.fork()

[2024-10-15T19:29:58.475+0000] {standard_task_runner.py:63} INFO - Started process 2488 to run task
[2024-10-15T19:29:58.548+0000] {standard_task_runner.py:90} INFO - Running: ['***', 'tasks', 'run', 'hello_world_dag', 'hello_world_task1', 'scheduled__2024-06-14T00:00:00+00:00', '--job-id', '517', '--raw', '--subdir', 'DAGS_FOLDER/example_hello_world.py', '--cfg-path', '/tmp/tmp73egke7y']
[2024-10-15T19:29:58.675+0000] {standard_task_runner.py:91} INFO - Job 517: Subtask hello_world_task1
[2024-10-15T19:30:00.627+0000] {task_command.py:426} INFO - Running <TaskInstance: hello_world_dag.hello_world_task1 scheduled__2024-06-14T00:00:00+00:00 [running]> on host f9b6cc3118f7
[2024-10-15T19:30:04.224+0000] {taskinstance.py:2648} INFO - Exporting env vars: AIRFLOW_CTX_DAG_OWNER='***' AIRFLOW_CTX_DAG_ID='hello_world_dag' AIRFLOW_CTX_TASK_ID='hello_world_task1' AIRFLOW_CTX_EXECUTION_DATE='2024-06-14T00:00:00+00:00' AIRFLOW_CTX_TRY_NUMBER='1' AIRFLOW_CTX_DAG_RUN_ID='scheduled__2024-06-14T00:00:00+00:00'
[2024-10-15T19:30:04.239+0000] {taskinstance.py:430} INFO - ::endgroup::
[2024-10-15T19:30:04.242+0000] {subprocess.py:63} INFO - Tmp dir root location: /tmp
[2024-10-15T19:30:04.293+0000] {subprocess.py:75} INFO - Running command: ['/usr/bin/bash', '-c', "echo 'Hello World!'"]
[2024-10-15T19:30:04.420+0000] {subprocess.py:86} INFO - Output:
[2024-10-15T19:30:04.447+0000] {subprocess.py:93} INFO - Hello World!
[2024-10-15T19:30:04.465+0000] {subprocess.py:97} INFO - Command exited with return code 0
[2024-10-15T19:30:04.467+0000] {taskinstance.py:441} INFO - ::group::Post task execution logs
[2024-10-15T19:30:04.654+0000] {taskinstance.py:1206} INFO - Marking task as SUCCESS. dag_id=hello_world_dag, task_id=hello_world_task1, run_id=scheduled__2024-06-14T00:00:00+00:00, execution_date=20240614T000000, start_date=20241015T192958, end_date=20241015T193004
[2024-10-15T19:30:04.813+0000] {local_task_job_runner.py:240} INFO - Task exited with return code 0
[2024-10-15T19:30:04.952+0000] {taskinstance.py:3503} INFO - 1 downstream tasks scheduled from follow-on schedule check
[2024-10-15T19:30:04.972+0000] {local_task_job_runner.py:222} INFO - ::endgroup::
