[2024-10-15T19:23:47.357+0000] {local_task_job_runner.py:120} INFO - ::group::Pre task execution logs
[2024-10-15T19:23:48.175+0000] {taskinstance.py:2076} INFO - Dependencies all met for dep_context=non-requeueable deps ti=<TaskInstance: hello_world_dag.hello_world_task2 manual__2024-10-15T19:23:04.232588+00:00 [queued]>
[2024-10-15T19:23:49.028+0000] {taskinstance.py:2076} INFO - Dependencies all met for dep_context=requeueable deps ti=<TaskInstance: hello_world_dag.hello_world_task2 manual__2024-10-15T19:23:04.232588+00:00 [queued]>
[2024-10-15T19:23:49.052+0000] {taskinstance.py:2306} INFO - Starting attempt 1 of 1
[2024-10-15T19:23:51.686+0000] {taskinstance.py:2330} INFO - Executing <Task(BashOperator): hello_world_task2> on 2024-10-15 19:23:04.232588+00:00
[2024-10-15T19:23:51.966+0000] {warnings.py:112} WARNING - /home/***/.local/lib/python3.12/site-packages/***/task/task_runner/standard_task_runner.py:61: DeprecationWarning: This process (pid=1568) is multi-threaded, use of fork() may lead to deadlocks in the child.
  pid = os.fork()

[2024-10-15T19:23:51.984+0000] {standard_task_runner.py:90} INFO - Running: ['***', 'tasks', 'run', 'hello_world_dag', 'hello_world_task2', 'manual__2024-10-15T19:23:04.232588+00:00', '--job-id', '313', '--raw', '--subdir', 'DAGS_FOLDER/example_hello_world.py', '--cfg-path', '/tmp/tmp_4u29ogo']
[2024-10-15T19:23:52.049+0000] {standard_task_runner.py:63} INFO - Started process 1602 to run task
[2024-10-15T19:23:52.064+0000] {standard_task_runner.py:91} INFO - Job 313: Subtask hello_world_task2
[2024-10-15T19:23:53.115+0000] {task_command.py:426} INFO - Running <TaskInstance: hello_world_dag.hello_world_task2 manual__2024-10-15T19:23:04.232588+00:00 [running]> on host f9b6cc3118f7
[2024-10-15T19:23:53.557+0000] {taskinstance.py:2648} INFO - Exporting env vars: AIRFLOW_CTX_DAG_OWNER='***' AIRFLOW_CTX_DAG_ID='hello_world_dag' AIRFLOW_CTX_TASK_ID='hello_world_task2' AIRFLOW_CTX_EXECUTION_DATE='2024-10-15T19:23:04.232588+00:00' AIRFLOW_CTX_TRY_NUMBER='1' AIRFLOW_CTX_DAG_RUN_ID='manual__2024-10-15T19:23:04.232588+00:00'
[2024-10-15T19:23:53.563+0000] {taskinstance.py:430} INFO - ::endgroup::
[2024-10-15T19:23:53.571+0000] {subprocess.py:63} INFO - Tmp dir root location: /tmp
[2024-10-15T19:23:53.578+0000] {subprocess.py:75} INFO - Running command: ['/usr/bin/bash', '-c', "echo 'Hello World! Now I am triggered after the first task!'"]
[2024-10-15T19:23:53.616+0000] {subprocess.py:86} INFO - Output:
[2024-10-15T19:23:53.624+0000] {subprocess.py:93} INFO - Hello World! Now I am triggered after the first task!
[2024-10-15T19:23:53.629+0000] {subprocess.py:97} INFO - Command exited with return code 0
[2024-10-15T19:23:53.633+0000] {taskinstance.py:441} INFO - ::group::Post task execution logs
[2024-10-15T19:23:53.715+0000] {taskinstance.py:1206} INFO - Marking task as SUCCESS. dag_id=hello_world_dag, task_id=hello_world_task2, run_id=manual__2024-10-15T19:23:04.232588+00:00, execution_date=20241015T192304, start_date=20241015T192348, end_date=20241015T192353
[2024-10-15T19:23:53.860+0000] {local_task_job_runner.py:240} INFO - Task exited with return code 0
[2024-10-15T19:23:53.926+0000] {local_task_job_runner.py:222} INFO - ::endgroup::
