[2024-10-15T19:21:26.613+0000] {local_task_job_runner.py:120} INFO - ::group::Pre task execution logs
[2024-10-15T19:21:26.991+0000] {taskinstance.py:2076} INFO - Dependencies all met for dep_context=non-requeueable deps ti=<TaskInstance: hello_world_dag.hello_world_task1 scheduled__2024-01-21T00:00:00+00:00 [queued]>
[2024-10-15T19:21:27.047+0000] {taskinstance.py:2076} INFO - Dependencies all met for dep_context=requeueable deps ti=<TaskInstance: hello_world_dag.hello_world_task1 scheduled__2024-01-21T00:00:00+00:00 [queued]>
[2024-10-15T19:21:27.059+0000] {taskinstance.py:2306} INFO - Starting attempt 1 of 1
[2024-10-15T19:21:27.252+0000] {taskinstance.py:2330} INFO - Executing <Task(BashOperator): hello_world_task1> on 2024-01-21 00:00:00+00:00
[2024-10-15T19:21:27.301+0000] {warnings.py:112} WARNING - /home/***/.local/lib/python3.12/site-packages/***/task/task_runner/standard_task_runner.py:61: DeprecationWarning: This process (pid=1203) is multi-threaded, use of fork() may lead to deadlocks in the child.
  pid = os.fork()

[2024-10-15T19:21:27.330+0000] {standard_task_runner.py:63} INFO - Started process 1228 to run task
[2024-10-15T19:21:27.324+0000] {standard_task_runner.py:90} INFO - Running: ['***', 'tasks', 'run', 'hello_world_dag', 'hello_world_task1', 'scheduled__2024-01-21T00:00:00+00:00', '--job-id', '223', '--raw', '--subdir', 'DAGS_FOLDER/example_hello_world.py', '--cfg-path', '/tmp/tmp9rpuh0ep']
[2024-10-15T19:21:27.342+0000] {standard_task_runner.py:91} INFO - Job 223: Subtask hello_world_task1
[2024-10-15T19:21:27.733+0000] {task_command.py:426} INFO - Running <TaskInstance: hello_world_dag.hello_world_task1 scheduled__2024-01-21T00:00:00+00:00 [running]> on host f9b6cc3118f7
[2024-10-15T19:21:28.825+0000] {taskinstance.py:2648} INFO - Exporting env vars: AIRFLOW_CTX_DAG_OWNER='***' AIRFLOW_CTX_DAG_ID='hello_world_dag' AIRFLOW_CTX_TASK_ID='hello_world_task1' AIRFLOW_CTX_EXECUTION_DATE='2024-01-21T00:00:00+00:00' AIRFLOW_CTX_TRY_NUMBER='1' AIRFLOW_CTX_DAG_RUN_ID='scheduled__2024-01-21T00:00:00+00:00'
[2024-10-15T19:21:28.842+0000] {taskinstance.py:430} INFO - ::endgroup::
[2024-10-15T19:21:28.845+0000] {subprocess.py:63} INFO - Tmp dir root location: /tmp
[2024-10-15T19:21:28.849+0000] {subprocess.py:75} INFO - Running command: ['/usr/bin/bash', '-c', "echo 'Hello World!'"]
[2024-10-15T19:21:28.979+0000] {subprocess.py:86} INFO - Output:
[2024-10-15T19:21:28.990+0000] {subprocess.py:93} INFO - Hello World!
[2024-10-15T19:21:28.992+0000] {subprocess.py:97} INFO - Command exited with return code 0
[2024-10-15T19:21:28.997+0000] {taskinstance.py:441} INFO - ::group::Post task execution logs
[2024-10-15T19:21:29.146+0000] {taskinstance.py:1206} INFO - Marking task as SUCCESS. dag_id=hello_world_dag, task_id=hello_world_task1, run_id=scheduled__2024-01-21T00:00:00+00:00, execution_date=20240121T000000, start_date=20241015T192126, end_date=20241015T192129
[2024-10-15T19:21:29.296+0000] {local_task_job_runner.py:240} INFO - Task exited with return code 0
[2024-10-15T19:21:29.420+0000] {taskinstance.py:3503} INFO - 1 downstream tasks scheduled from follow-on schedule check
[2024-10-15T19:21:29.434+0000] {local_task_job_runner.py:222} INFO - ::endgroup::
