[2024-10-15T19:17:59.720+0000] {local_task_job_runner.py:120} INFO - ::group::Pre task execution logs
[2024-10-15T19:18:00.048+0000] {taskinstance.py:2076} INFO - Dependencies all met for dep_context=non-requeueable deps ti=<TaskInstance: hello_world_dag.hello_world_task2 scheduled__2023-11-21T00:00:00+00:00 [queued]>
[2024-10-15T19:18:00.172+0000] {taskinstance.py:2076} INFO - Dependencies all met for dep_context=requeueable deps ti=<TaskInstance: hello_world_dag.hello_world_task2 scheduled__2023-11-21T00:00:00+00:00 [queued]>
[2024-10-15T19:18:00.174+0000] {taskinstance.py:2306} INFO - Starting attempt 1 of 1
[2024-10-15T19:18:00.396+0000] {taskinstance.py:2330} INFO - Executing <Task(BashOperator): hello_world_task2> on 2023-11-21 00:00:00+00:00
[2024-10-15T19:18:00.506+0000] {warnings.py:112} WARNING - /home/***/.local/lib/python3.12/site-packages/***/task/task_runner/standard_task_runner.py:61: DeprecationWarning: This process (pid=680) is multi-threaded, use of fork() may lead to deadlocks in the child.
  pid = os.fork()

[2024-10-15T19:18:00.562+0000] {standard_task_runner.py:63} INFO - Started process 716 to run task
[2024-10-15T19:18:00.592+0000] {standard_task_runner.py:90} INFO - Running: ['***', 'tasks', 'run', 'hello_world_dag', 'hello_world_task2', 'scheduled__2023-11-21T00:00:00+00:00', '--job-id', '106', '--raw', '--subdir', 'DAGS_FOLDER/example_hello_world.py', '--cfg-path', '/tmp/tmpz0l0ig5h']
[2024-10-15T19:18:00.606+0000] {standard_task_runner.py:91} INFO - Job 106: Subtask hello_world_task2
[2024-10-15T19:18:01.171+0000] {task_command.py:426} INFO - Running <TaskInstance: hello_world_dag.hello_world_task2 scheduled__2023-11-21T00:00:00+00:00 [running]> on host f9b6cc3118f7
[2024-10-15T19:18:01.956+0000] {taskinstance.py:2648} INFO - Exporting env vars: AIRFLOW_CTX_DAG_OWNER='***' AIRFLOW_CTX_DAG_ID='hello_world_dag' AIRFLOW_CTX_TASK_ID='hello_world_task2' AIRFLOW_CTX_EXECUTION_DATE='2023-11-21T00:00:00+00:00' AIRFLOW_CTX_TRY_NUMBER='1' AIRFLOW_CTX_DAG_RUN_ID='scheduled__2023-11-21T00:00:00+00:00'
[2024-10-15T19:18:01.964+0000] {taskinstance.py:430} INFO - ::endgroup::
[2024-10-15T19:18:01.974+0000] {subprocess.py:63} INFO - Tmp dir root location: /tmp
[2024-10-15T19:18:01.986+0000] {subprocess.py:75} INFO - Running command: ['/usr/bin/bash', '-c', "echo 'Hello World! Now I am triggered after the first task!'"]
[2024-10-15T19:18:02.019+0000] {subprocess.py:86} INFO - Output:
[2024-10-15T19:18:02.024+0000] {subprocess.py:93} INFO - Hello World! Now I am triggered after the first task!
[2024-10-15T19:18:02.026+0000] {subprocess.py:97} INFO - Command exited with return code 0
[2024-10-15T19:18:02.033+0000] {taskinstance.py:441} INFO - ::group::Post task execution logs
[2024-10-15T19:18:02.143+0000] {taskinstance.py:1206} INFO - Marking task as SUCCESS. dag_id=hello_world_dag, task_id=hello_world_task2, run_id=scheduled__2023-11-21T00:00:00+00:00, execution_date=20231121T000000, start_date=20241015T191800, end_date=20241015T191802
[2024-10-15T19:18:02.222+0000] {local_task_job_runner.py:240} INFO - Task exited with return code 0
[2024-10-15T19:18:02.278+0000] {taskinstance.py:3503} INFO - 0 downstream tasks scheduled from follow-on schedule check
[2024-10-15T19:18:02.301+0000] {local_task_job_runner.py:222} INFO - ::endgroup::
