[2024-10-15T19:22:24.817+0000] {local_task_job_runner.py:120} INFO - ::group::Pre task execution logs
[2024-10-15T19:22:24.931+0000] {taskinstance.py:2076} INFO - Dependencies all met for dep_context=non-requeueable deps ti=<TaskInstance: hello_world_dag.hello_world_task1 scheduled__2024-02-12T00:00:00+00:00 [queued]>
[2024-10-15T19:22:24.967+0000] {taskinstance.py:2076} INFO - Dependencies all met for dep_context=requeueable deps ti=<TaskInstance: hello_world_dag.hello_world_task1 scheduled__2024-02-12T00:00:00+00:00 [queued]>
[2024-10-15T19:22:24.969+0000] {taskinstance.py:2306} INFO - Starting attempt 1 of 1
[2024-10-15T19:22:25.014+0000] {taskinstance.py:2330} INFO - Executing <Task(BashOperator): hello_world_task1> on 2024-02-12 00:00:00+00:00
[2024-10-15T19:22:25.023+0000] {warnings.py:112} WARNING - /home/***/.local/lib/python3.12/site-packages/***/task/task_runner/standard_task_runner.py:61: DeprecationWarning: This process (pid=1353) is multi-threaded, use of fork() may lead to deadlocks in the child.
  pid = os.fork()

[2024-10-15T19:22:25.031+0000] {standard_task_runner.py:63} INFO - Started process 1398 to run task
[2024-10-15T19:22:25.039+0000] {standard_task_runner.py:90} INFO - Running: ['***', 'tasks', 'run', 'hello_world_dag', 'hello_world_task1', 'scheduled__2024-02-12T00:00:00+00:00', '--job-id', '261', '--raw', '--subdir', 'DAGS_FOLDER/example_hello_world.py', '--cfg-path', '/tmp/tmpfq6k859r']
[2024-10-15T19:22:25.048+0000] {standard_task_runner.py:91} INFO - Job 261: Subtask hello_world_task1
[2024-10-15T19:22:25.648+0000] {task_command.py:426} INFO - Running <TaskInstance: hello_world_dag.hello_world_task1 scheduled__2024-02-12T00:00:00+00:00 [running]> on host f9b6cc3118f7
[2024-10-15T19:22:30.544+0000] {taskinstance.py:2648} INFO - Exporting env vars: AIRFLOW_CTX_DAG_OWNER='***' AIRFLOW_CTX_DAG_ID='hello_world_dag' AIRFLOW_CTX_TASK_ID='hello_world_task1' AIRFLOW_CTX_EXECUTION_DATE='2024-02-12T00:00:00+00:00' AIRFLOW_CTX_TRY_NUMBER='1' AIRFLOW_CTX_DAG_RUN_ID='scheduled__2024-02-12T00:00:00+00:00'
[2024-10-15T19:22:30.558+0000] {taskinstance.py:430} INFO - ::endgroup::
[2024-10-15T19:22:30.561+0000] {subprocess.py:63} INFO - Tmp dir root location: /tmp
[2024-10-15T19:22:30.567+0000] {subprocess.py:75} INFO - Running command: ['/usr/bin/bash', '-c', "echo 'Hello World!'"]
[2024-10-15T19:22:30.673+0000] {subprocess.py:86} INFO - Output:
[2024-10-15T19:22:30.698+0000] {subprocess.py:93} INFO - Hello World!
[2024-10-15T19:22:30.703+0000] {subprocess.py:97} INFO - Command exited with return code 0
[2024-10-15T19:22:30.705+0000] {taskinstance.py:441} INFO - ::group::Post task execution logs
[2024-10-15T19:22:30.864+0000] {taskinstance.py:1206} INFO - Marking task as SUCCESS. dag_id=hello_world_dag, task_id=hello_world_task1, run_id=scheduled__2024-02-12T00:00:00+00:00, execution_date=20240212T000000, start_date=20241015T192224, end_date=20241015T192230
[2024-10-15T19:22:31.261+0000] {local_task_job_runner.py:240} INFO - Task exited with return code 0
[2024-10-15T19:22:31.366+0000] {taskinstance.py:3503} INFO - 1 downstream tasks scheduled from follow-on schedule check
[2024-10-15T19:22:31.395+0000] {local_task_job_runner.py:222} INFO - ::endgroup::
