[2024-10-15T19:31:39.596+0000] {local_task_job_runner.py:120} INFO - ::group::Pre task execution logs
[2024-10-15T19:31:39.668+0000] {taskinstance.py:2076} INFO - Dependencies all met for dep_context=non-requeueable deps ti=<TaskInstance: hello_world_dag.hello_world_task2 scheduled__2024-07-14T00:00:00+00:00 [queued]>
[2024-10-15T19:31:39.694+0000] {taskinstance.py:2076} INFO - Dependencies all met for dep_context=requeueable deps ti=<TaskInstance: hello_world_dag.hello_world_task2 scheduled__2024-07-14T00:00:00+00:00 [queued]>
[2024-10-15T19:31:39.697+0000] {taskinstance.py:2306} INFO - Starting attempt 1 of 1
[2024-10-15T19:31:39.746+0000] {taskinstance.py:2330} INFO - Executing <Task(BashOperator): hello_world_task2> on 2024-07-14 00:00:00+00:00
[2024-10-15T19:31:39.765+0000] {warnings.py:112} WARNING - /home/***/.local/lib/python3.12/site-packages/***/task/task_runner/standard_task_runner.py:61: DeprecationWarning: This process (pid=2704) is multi-threaded, use of fork() may lead to deadlocks in the child.
  pid = os.fork()

[2024-10-15T19:31:39.779+0000] {standard_task_runner.py:90} INFO - Running: ['***', 'tasks', 'run', 'hello_world_dag', 'hello_world_task2', 'scheduled__2024-07-14T00:00:00+00:00', '--job-id', '579', '--raw', '--subdir', 'DAGS_FOLDER/example_hello_world.py', '--cfg-path', '/tmp/tmpc2vt2dds']
[2024-10-15T19:31:39.793+0000] {standard_task_runner.py:63} INFO - Started process 2735 to run task
[2024-10-15T19:31:39.805+0000] {standard_task_runner.py:91} INFO - Job 579: Subtask hello_world_task2
[2024-10-15T19:31:39.995+0000] {task_command.py:426} INFO - Running <TaskInstance: hello_world_dag.hello_world_task2 scheduled__2024-07-14T00:00:00+00:00 [running]> on host f9b6cc3118f7
[2024-10-15T19:31:40.423+0000] {taskinstance.py:2648} INFO - Exporting env vars: AIRFLOW_CTX_DAG_OWNER='***' AIRFLOW_CTX_DAG_ID='hello_world_dag' AIRFLOW_CTX_TASK_ID='hello_world_task2' AIRFLOW_CTX_EXECUTION_DATE='2024-07-14T00:00:00+00:00' AIRFLOW_CTX_TRY_NUMBER='1' AIRFLOW_CTX_DAG_RUN_ID='scheduled__2024-07-14T00:00:00+00:00'
[2024-10-15T19:31:40.427+0000] {taskinstance.py:430} INFO - ::endgroup::
[2024-10-15T19:31:40.428+0000] {subprocess.py:63} INFO - Tmp dir root location: /tmp
[2024-10-15T19:31:40.430+0000] {subprocess.py:75} INFO - Running command: ['/usr/bin/bash', '-c', "echo 'Hello World! Now I am triggered after the first task!'"]
[2024-10-15T19:31:40.444+0000] {subprocess.py:86} INFO - Output:
[2024-10-15T19:31:40.446+0000] {subprocess.py:93} INFO - Hello World! Now I am triggered after the first task!
[2024-10-15T19:31:40.447+0000] {subprocess.py:97} INFO - Command exited with return code 0
[2024-10-15T19:31:40.448+0000] {taskinstance.py:441} INFO - ::group::Post task execution logs
[2024-10-15T19:31:40.482+0000] {taskinstance.py:1206} INFO - Marking task as SUCCESS. dag_id=hello_world_dag, task_id=hello_world_task2, run_id=scheduled__2024-07-14T00:00:00+00:00, execution_date=20240714T000000, start_date=20241015T193139, end_date=20241015T193140
[2024-10-15T19:31:40.517+0000] {local_task_job_runner.py:240} INFO - Task exited with return code 0
[2024-10-15T19:31:40.543+0000] {taskinstance.py:3503} INFO - 0 downstream tasks scheduled from follow-on schedule check
[2024-10-15T19:31:40.545+0000] {local_task_job_runner.py:222} INFO - ::endgroup::
