[2024-10-15T19:29:27.270+0000] {local_task_job_runner.py:120} INFO - ::group::Pre task execution logs
[2024-10-15T19:29:27.505+0000] {taskinstance.py:2076} INFO - Dependencies all met for dep_context=non-requeueable deps ti=<TaskInstance: hello_world_dag.hello_world_task2 scheduled__2024-05-29T00:00:00+00:00 [queued]>
[2024-10-15T19:29:27.616+0000] {taskinstance.py:2076} INFO - Dependencies all met for dep_context=requeueable deps ti=<TaskInstance: hello_world_dag.hello_world_task2 scheduled__2024-05-29T00:00:00+00:00 [queued]>
[2024-10-15T19:29:27.619+0000] {taskinstance.py:2306} INFO - Starting attempt 1 of 1
[2024-10-15T19:29:27.875+0000] {taskinstance.py:2330} INFO - Executing <Task(BashOperator): hello_world_task2> on 2024-05-29 00:00:00+00:00
[2024-10-15T19:29:27.904+0000] {warnings.py:112} WARNING - /home/***/.local/lib/python3.12/site-packages/***/task/task_runner/standard_task_runner.py:61: DeprecationWarning: This process (pid=2362) is multi-threaded, use of fork() may lead to deadlocks in the child.
  pid = os.fork()

[2024-10-15T19:29:27.932+0000] {standard_task_runner.py:63} INFO - Started process 2410 to run task
[2024-10-15T19:29:27.903+0000] {standard_task_runner.py:90} INFO - Running: ['***', 'tasks', 'run', 'hello_world_dag', 'hello_world_task2', 'scheduled__2024-05-29T00:00:00+00:00', '--job-id', '498', '--raw', '--subdir', 'DAGS_FOLDER/example_hello_world.py', '--cfg-path', '/tmp/tmpxncqkmo1']
[2024-10-15T19:29:27.940+0000] {standard_task_runner.py:91} INFO - Job 498: Subtask hello_world_task2
[2024-10-15T19:29:28.526+0000] {task_command.py:426} INFO - Running <TaskInstance: hello_world_dag.hello_world_task2 scheduled__2024-05-29T00:00:00+00:00 [running]> on host f9b6cc3118f7
[2024-10-15T19:29:29.154+0000] {taskinstance.py:2648} INFO - Exporting env vars: AIRFLOW_CTX_DAG_OWNER='***' AIRFLOW_CTX_DAG_ID='hello_world_dag' AIRFLOW_CTX_TASK_ID='hello_world_task2' AIRFLOW_CTX_EXECUTION_DATE='2024-05-29T00:00:00+00:00' AIRFLOW_CTX_TRY_NUMBER='1' AIRFLOW_CTX_DAG_RUN_ID='scheduled__2024-05-29T00:00:00+00:00'
[2024-10-15T19:29:29.164+0000] {taskinstance.py:430} INFO - ::endgroup::
[2024-10-15T19:29:29.168+0000] {subprocess.py:63} INFO - Tmp dir root location: /tmp
[2024-10-15T19:29:29.182+0000] {subprocess.py:75} INFO - Running command: ['/usr/bin/bash', '-c', "echo 'Hello World! Now I am triggered after the first task!'"]
[2024-10-15T19:29:29.312+0000] {subprocess.py:86} INFO - Output:
[2024-10-15T19:29:29.317+0000] {subprocess.py:93} INFO - Hello World! Now I am triggered after the first task!
[2024-10-15T19:29:29.323+0000] {subprocess.py:97} INFO - Command exited with return code 0
[2024-10-15T19:29:29.324+0000] {taskinstance.py:441} INFO - ::group::Post task execution logs
[2024-10-15T19:29:29.449+0000] {taskinstance.py:1206} INFO - Marking task as SUCCESS. dag_id=hello_world_dag, task_id=hello_world_task2, run_id=scheduled__2024-05-29T00:00:00+00:00, execution_date=20240529T000000, start_date=20241015T192927, end_date=20241015T192929
[2024-10-15T19:29:29.553+0000] {local_task_job_runner.py:240} INFO - Task exited with return code 0
[2024-10-15T19:29:29.708+0000] {taskinstance.py:3503} INFO - 0 downstream tasks scheduled from follow-on schedule check
[2024-10-15T19:29:29.722+0000] {local_task_job_runner.py:222} INFO - ::endgroup::
