[2024-10-15T19:18:35.012+0000] {local_task_job_runner.py:120} INFO - ::group::Pre task execution logs
[2024-10-15T19:18:35.225+0000] {taskinstance.py:2076} INFO - Dependencies all met for dep_context=non-requeueable deps ti=<TaskInstance: hello_world_dag.hello_world_task1 scheduled__2023-12-05T00:00:00+00:00 [queued]>
[2024-10-15T19:18:35.282+0000] {taskinstance.py:2076} INFO - Dependencies all met for dep_context=requeueable deps ti=<TaskInstance: hello_world_dag.hello_world_task1 scheduled__2023-12-05T00:00:00+00:00 [queued]>
[2024-10-15T19:18:35.285+0000] {taskinstance.py:2306} INFO - Starting attempt 1 of 1
[2024-10-15T19:18:35.338+0000] {taskinstance.py:2330} INFO - Executing <Task(BashOperator): hello_world_task1> on 2023-12-05 00:00:00+00:00
[2024-10-15T19:18:35.354+0000] {warnings.py:112} WARNING - /home/***/.local/lib/python3.12/site-packages/***/task/task_runner/standard_task_runner.py:61: DeprecationWarning: This process (pid=771) is multi-threaded, use of fork() may lead to deadlocks in the child.
  pid = os.fork()

[2024-10-15T19:18:35.362+0000] {standard_task_runner.py:63} INFO - Started process 805 to run task
[2024-10-15T19:18:35.372+0000] {standard_task_runner.py:90} INFO - Running: ['***', 'tasks', 'run', 'hello_world_dag', 'hello_world_task1', 'scheduled__2023-12-05T00:00:00+00:00', '--job-id', '124', '--raw', '--subdir', 'DAGS_FOLDER/example_hello_world.py', '--cfg-path', '/tmp/tmp9xd04qfk']
[2024-10-15T19:18:35.379+0000] {standard_task_runner.py:91} INFO - Job 124: Subtask hello_world_task1
[2024-10-15T19:18:36.026+0000] {task_command.py:426} INFO - Running <TaskInstance: hello_world_dag.hello_world_task1 scheduled__2023-12-05T00:00:00+00:00 [running]> on host f9b6cc3118f7
[2024-10-15T19:18:41.069+0000] {taskinstance.py:2648} INFO - Exporting env vars: AIRFLOW_CTX_DAG_OWNER='***' AIRFLOW_CTX_DAG_ID='hello_world_dag' AIRFLOW_CTX_TASK_ID='hello_world_task1' AIRFLOW_CTX_EXECUTION_DATE='2023-12-05T00:00:00+00:00' AIRFLOW_CTX_TRY_NUMBER='1' AIRFLOW_CTX_DAG_RUN_ID='scheduled__2023-12-05T00:00:00+00:00'
[2024-10-15T19:18:41.126+0000] {taskinstance.py:430} INFO - ::endgroup::
[2024-10-15T19:18:41.129+0000] {subprocess.py:63} INFO - Tmp dir root location: /tmp
[2024-10-15T19:18:41.137+0000] {subprocess.py:75} INFO - Running command: ['/usr/bin/bash', '-c', "echo 'Hello World!'"]
[2024-10-15T19:18:41.222+0000] {subprocess.py:86} INFO - Output:
[2024-10-15T19:18:41.235+0000] {subprocess.py:93} INFO - Hello World!
[2024-10-15T19:18:41.237+0000] {subprocess.py:97} INFO - Command exited with return code 0
[2024-10-15T19:18:41.251+0000] {taskinstance.py:441} INFO - ::group::Post task execution logs
[2024-10-15T19:18:41.442+0000] {taskinstance.py:1206} INFO - Marking task as SUCCESS. dag_id=hello_world_dag, task_id=hello_world_task1, run_id=scheduled__2023-12-05T00:00:00+00:00, execution_date=20231205T000000, start_date=20241015T191835, end_date=20241015T191841
[2024-10-15T19:18:41.860+0000] {local_task_job_runner.py:240} INFO - Task exited with return code 0
[2024-10-15T19:18:41.958+0000] {taskinstance.py:3503} INFO - 1 downstream tasks scheduled from follow-on schedule check
[2024-10-15T19:18:41.964+0000] {local_task_job_runner.py:222} INFO - ::endgroup::
