[2024-10-15T19:35:16.804+0000] {local_task_job_runner.py:120} INFO - ::group::Pre task execution logs
[2024-10-15T19:35:16.937+0000] {taskinstance.py:2076} INFO - Dependencies all met for dep_context=non-requeueable deps ti=<TaskInstance: hello_world_dag.hello_world_task2 scheduled__2024-09-11T00:00:00+00:00 [queued]>
[2024-10-15T19:35:16.984+0000] {taskinstance.py:2076} INFO - Dependencies all met for dep_context=requeueable deps ti=<TaskInstance: hello_world_dag.hello_world_task2 scheduled__2024-09-11T00:00:00+00:00 [queued]>
[2024-10-15T19:35:16.987+0000] {taskinstance.py:2306} INFO - Starting attempt 1 of 1
[2024-10-15T19:35:17.050+0000] {taskinstance.py:2330} INFO - Executing <Task(BashOperator): hello_world_task2> on 2024-09-11 00:00:00+00:00
[2024-10-15T19:35:17.074+0000] {warnings.py:112} WARNING - /home/***/.local/lib/python3.12/site-packages/***/task/task_runner/standard_task_runner.py:61: DeprecationWarning: This process (pid=3228) is multi-threaded, use of fork() may lead to deadlocks in the child.
  pid = os.fork()

[2024-10-15T19:35:17.097+0000] {standard_task_runner.py:63} INFO - Started process 3280 to run task
[2024-10-15T19:35:17.093+0000] {standard_task_runner.py:90} INFO - Running: ['***', 'tasks', 'run', 'hello_world_dag', 'hello_world_task2', 'scheduled__2024-09-11T00:00:00+00:00', '--job-id', '702', '--raw', '--subdir', 'DAGS_FOLDER/example_hello_world.py', '--cfg-path', '/tmp/tmporm8qtzz']
[2024-10-15T19:35:17.115+0000] {standard_task_runner.py:91} INFO - Job 702: Subtask hello_world_task2
[2024-10-15T19:35:17.438+0000] {task_command.py:426} INFO - Running <TaskInstance: hello_world_dag.hello_world_task2 scheduled__2024-09-11T00:00:00+00:00 [running]> on host f9b6cc3118f7
[2024-10-15T19:35:17.884+0000] {taskinstance.py:2648} INFO - Exporting env vars: AIRFLOW_CTX_DAG_OWNER='***' AIRFLOW_CTX_DAG_ID='hello_world_dag' AIRFLOW_CTX_TASK_ID='hello_world_task2' AIRFLOW_CTX_EXECUTION_DATE='2024-09-11T00:00:00+00:00' AIRFLOW_CTX_TRY_NUMBER='1' AIRFLOW_CTX_DAG_RUN_ID='scheduled__2024-09-11T00:00:00+00:00'
[2024-10-15T19:35:17.889+0000] {taskinstance.py:430} INFO - ::endgroup::
[2024-10-15T19:35:17.890+0000] {subprocess.py:63} INFO - Tmp dir root location: /tmp
[2024-10-15T19:35:17.894+0000] {subprocess.py:75} INFO - Running command: ['/usr/bin/bash', '-c', "echo 'Hello World! Now I am triggered after the first task!'"]
[2024-10-15T19:35:17.913+0000] {subprocess.py:86} INFO - Output:
[2024-10-15T19:35:17.914+0000] {subprocess.py:93} INFO - Hello World! Now I am triggered after the first task!
[2024-10-15T19:35:17.919+0000] {subprocess.py:97} INFO - Command exited with return code 0
[2024-10-15T19:35:17.924+0000] {taskinstance.py:441} INFO - ::group::Post task execution logs
[2024-10-15T19:35:18.440+0000] {taskinstance.py:1206} INFO - Marking task as SUCCESS. dag_id=hello_world_dag, task_id=hello_world_task2, run_id=scheduled__2024-09-11T00:00:00+00:00, execution_date=20240911T000000, start_date=20241015T193516, end_date=20241015T193518
[2024-10-15T19:35:18.929+0000] {local_task_job_runner.py:240} INFO - Task exited with return code 0
[2024-10-15T19:35:19.337+0000] {local_task_job_runner.py:222} INFO - ::endgroup::
