[2024-10-15T19:31:19.603+0000] {local_task_job_runner.py:120} INFO - ::group::Pre task execution logs
[2024-10-15T19:31:19.830+0000] {taskinstance.py:2076} INFO - Dependencies all met for dep_context=non-requeueable deps ti=<TaskInstance: hello_world_dag.hello_world_task1 scheduled__2024-07-12T00:00:00+00:00 [queued]>
[2024-10-15T19:31:19.881+0000] {taskinstance.py:2076} INFO - Dependencies all met for dep_context=requeueable deps ti=<TaskInstance: hello_world_dag.hello_world_task1 scheduled__2024-07-12T00:00:00+00:00 [queued]>
[2024-10-15T19:31:19.887+0000] {taskinstance.py:2306} INFO - Starting attempt 1 of 1
[2024-10-15T19:31:21.583+0000] {taskinstance.py:2330} INFO - Executing <Task(BashOperator): hello_world_task1> on 2024-07-12 00:00:00+00:00
[2024-10-15T19:31:22.126+0000] {warnings.py:112} WARNING - /home/***/.local/lib/python3.12/site-packages/***/task/task_runner/standard_task_runner.py:61: DeprecationWarning: This process (pid=2624) is multi-threaded, use of fork() may lead to deadlocks in the child.
  pid = os.fork()

[2024-10-15T19:31:22.407+0000] {standard_task_runner.py:63} INFO - Started process 2688 to run task
[2024-10-15T19:31:22.624+0000] {standard_task_runner.py:90} INFO - Running: ['***', 'tasks', 'run', 'hello_world_dag', 'hello_world_task1', 'scheduled__2024-07-12T00:00:00+00:00', '--job-id', '562', '--raw', '--subdir', 'DAGS_FOLDER/example_hello_world.py', '--cfg-path', '/tmp/tmpkrpfpp1f']
[2024-10-15T19:31:22.757+0000] {standard_task_runner.py:91} INFO - Job 562: Subtask hello_world_task1
[2024-10-15T19:31:25.591+0000] {task_command.py:426} INFO - Running <TaskInstance: hello_world_dag.hello_world_task1 scheduled__2024-07-12T00:00:00+00:00 [running]> on host f9b6cc3118f7
[2024-10-15T19:31:26.651+0000] {taskinstance.py:2648} INFO - Exporting env vars: AIRFLOW_CTX_DAG_OWNER='***' AIRFLOW_CTX_DAG_ID='hello_world_dag' AIRFLOW_CTX_TASK_ID='hello_world_task1' AIRFLOW_CTX_EXECUTION_DATE='2024-07-12T00:00:00+00:00' AIRFLOW_CTX_TRY_NUMBER='1' AIRFLOW_CTX_DAG_RUN_ID='scheduled__2024-07-12T00:00:00+00:00'
[2024-10-15T19:31:26.662+0000] {taskinstance.py:430} INFO - ::endgroup::
[2024-10-15T19:31:26.678+0000] {subprocess.py:63} INFO - Tmp dir root location: /tmp
[2024-10-15T19:31:26.681+0000] {subprocess.py:75} INFO - Running command: ['/usr/bin/bash', '-c', "echo 'Hello World!'"]
[2024-10-15T19:31:26.723+0000] {subprocess.py:86} INFO - Output:
[2024-10-15T19:31:26.728+0000] {subprocess.py:93} INFO - Hello World!
[2024-10-15T19:31:26.733+0000] {subprocess.py:97} INFO - Command exited with return code 0
[2024-10-15T19:31:26.735+0000] {taskinstance.py:441} INFO - ::group::Post task execution logs
[2024-10-15T19:31:26.901+0000] {taskinstance.py:1206} INFO - Marking task as SUCCESS. dag_id=hello_world_dag, task_id=hello_world_task1, run_id=scheduled__2024-07-12T00:00:00+00:00, execution_date=20240712T000000, start_date=20241015T193119, end_date=20241015T193126
[2024-10-15T19:31:27.322+0000] {local_task_job_runner.py:240} INFO - Task exited with return code 0
[2024-10-15T19:31:27.534+0000] {taskinstance.py:3503} INFO - 1 downstream tasks scheduled from follow-on schedule check
[2024-10-15T19:31:27.560+0000] {local_task_job_runner.py:222} INFO - ::endgroup::
