[2024-10-15T19:29:13.922+0000] {local_task_job_runner.py:120} INFO - ::group::Pre task execution logs
[2024-10-15T19:29:14.089+0000] {taskinstance.py:2076} INFO - Dependencies all met for dep_context=non-requeueable deps ti=<TaskInstance: hello_world_dag.hello_world_task1 scheduled__2024-06-04T00:00:00+00:00 [queued]>
[2024-10-15T19:29:14.187+0000] {taskinstance.py:2076} INFO - Dependencies all met for dep_context=requeueable deps ti=<TaskInstance: hello_world_dag.hello_world_task1 scheduled__2024-06-04T00:00:00+00:00 [queued]>
[2024-10-15T19:29:14.205+0000] {taskinstance.py:2306} INFO - Starting attempt 1 of 1
[2024-10-15T19:29:14.392+0000] {taskinstance.py:2330} INFO - Executing <Task(BashOperator): hello_world_task1> on 2024-06-04 00:00:00+00:00
[2024-10-15T19:29:14.411+0000] {warnings.py:112} WARNING - /home/***/.local/lib/python3.12/site-packages/***/task/task_runner/standard_task_runner.py:61: DeprecationWarning: This process (pid=2331) is multi-threaded, use of fork() may lead to deadlocks in the child.
  pid = os.fork()

[2024-10-15T19:29:14.419+0000] {standard_task_runner.py:63} INFO - Started process 2382 to run task
[2024-10-15T19:29:14.428+0000] {standard_task_runner.py:90} INFO - Running: ['***', 'tasks', 'run', 'hello_world_dag', 'hello_world_task1', 'scheduled__2024-06-04T00:00:00+00:00', '--job-id', '491', '--raw', '--subdir', 'DAGS_FOLDER/example_hello_world.py', '--cfg-path', '/tmp/tmpeksm6hjc']
[2024-10-15T19:29:14.442+0000] {standard_task_runner.py:91} INFO - Job 491: Subtask hello_world_task1
[2024-10-15T19:29:14.811+0000] {task_command.py:426} INFO - Running <TaskInstance: hello_world_dag.hello_world_task1 scheduled__2024-06-04T00:00:00+00:00 [running]> on host f9b6cc3118f7
[2024-10-15T19:29:15.355+0000] {taskinstance.py:2648} INFO - Exporting env vars: AIRFLOW_CTX_DAG_OWNER='***' AIRFLOW_CTX_DAG_ID='hello_world_dag' AIRFLOW_CTX_TASK_ID='hello_world_task1' AIRFLOW_CTX_EXECUTION_DATE='2024-06-04T00:00:00+00:00' AIRFLOW_CTX_TRY_NUMBER='1' AIRFLOW_CTX_DAG_RUN_ID='scheduled__2024-06-04T00:00:00+00:00'
[2024-10-15T19:29:15.360+0000] {taskinstance.py:430} INFO - ::endgroup::
[2024-10-15T19:29:15.373+0000] {subprocess.py:63} INFO - Tmp dir root location: /tmp
[2024-10-15T19:29:15.387+0000] {subprocess.py:75} INFO - Running command: ['/usr/bin/bash', '-c', "echo 'Hello World!'"]
[2024-10-15T19:29:15.486+0000] {subprocess.py:86} INFO - Output:
[2024-10-15T19:29:15.517+0000] {subprocess.py:93} INFO - Hello World!
[2024-10-15T19:29:15.524+0000] {subprocess.py:97} INFO - Command exited with return code 0
[2024-10-15T19:29:15.526+0000] {taskinstance.py:441} INFO - ::group::Post task execution logs
[2024-10-15T19:29:15.779+0000] {taskinstance.py:1206} INFO - Marking task as SUCCESS. dag_id=hello_world_dag, task_id=hello_world_task1, run_id=scheduled__2024-06-04T00:00:00+00:00, execution_date=20240604T000000, start_date=20241015T192914, end_date=20241015T192915
[2024-10-15T19:29:16.013+0000] {local_task_job_runner.py:240} INFO - Task exited with return code 0
[2024-10-15T19:29:16.068+0000] {local_task_job_runner.py:222} INFO - ::endgroup::
