[2024-10-15T19:16:43.131+0000] {local_task_job_runner.py:120} INFO - ::group::Pre task execution logs
[2024-10-15T19:16:43.214+0000] {taskinstance.py:2076} INFO - Dependencies all met for dep_context=non-requeueable deps ti=<TaskInstance: hello_world_dag.hello_world_task1 scheduled__2023-11-06T00:00:00+00:00 [queued]>
[2024-10-15T19:16:43.250+0000] {taskinstance.py:2076} INFO - Dependencies all met for dep_context=requeueable deps ti=<TaskInstance: hello_world_dag.hello_world_task1 scheduled__2023-11-06T00:00:00+00:00 [queued]>
[2024-10-15T19:16:43.252+0000] {taskinstance.py:2306} INFO - Starting attempt 1 of 1
[2024-10-15T19:16:43.334+0000] {taskinstance.py:2330} INFO - Executing <Task(BashOperator): hello_world_task1> on 2023-11-06 00:00:00+00:00
[2024-10-15T19:16:43.353+0000] {warnings.py:112} WARNING - /home/***/.local/lib/python3.12/site-packages/***/task/task_runner/standard_task_runner.py:61: DeprecationWarning: This process (pid=503) is multi-threaded, use of fork() may lead to deadlocks in the child.
  pid = os.fork()

[2024-10-15T19:16:43.358+0000] {standard_task_runner.py:63} INFO - Started process 540 to run task
[2024-10-15T19:16:43.369+0000] {standard_task_runner.py:90} INFO - Running: ['***', 'tasks', 'run', 'hello_world_dag', 'hello_world_task1', 'scheduled__2023-11-06T00:00:00+00:00', '--job-id', '67', '--raw', '--subdir', 'DAGS_FOLDER/example_hello_world.py', '--cfg-path', '/tmp/tmpyr9lv_u7']
[2024-10-15T19:16:43.380+0000] {standard_task_runner.py:91} INFO - Job 67: Subtask hello_world_task1
[2024-10-15T19:16:43.571+0000] {task_command.py:426} INFO - Running <TaskInstance: hello_world_dag.hello_world_task1 scheduled__2023-11-06T00:00:00+00:00 [running]> on host f9b6cc3118f7
[2024-10-15T19:16:43.882+0000] {taskinstance.py:2648} INFO - Exporting env vars: AIRFLOW_CTX_DAG_OWNER='***' AIRFLOW_CTX_DAG_ID='hello_world_dag' AIRFLOW_CTX_TASK_ID='hello_world_task1' AIRFLOW_CTX_EXECUTION_DATE='2023-11-06T00:00:00+00:00' AIRFLOW_CTX_TRY_NUMBER='1' AIRFLOW_CTX_DAG_RUN_ID='scheduled__2023-11-06T00:00:00+00:00'
[2024-10-15T19:16:43.887+0000] {taskinstance.py:430} INFO - ::endgroup::
[2024-10-15T19:16:43.890+0000] {subprocess.py:63} INFO - Tmp dir root location: /tmp
[2024-10-15T19:16:43.894+0000] {subprocess.py:75} INFO - Running command: ['/usr/bin/bash', '-c', "echo 'Hello World!'"]
[2024-10-15T19:16:43.928+0000] {subprocess.py:86} INFO - Output:
[2024-10-15T19:16:43.936+0000] {subprocess.py:93} INFO - Hello World!
[2024-10-15T19:16:43.938+0000] {subprocess.py:97} INFO - Command exited with return code 0
[2024-10-15T19:16:43.943+0000] {taskinstance.py:441} INFO - ::group::Post task execution logs
[2024-10-15T19:16:44.011+0000] {taskinstance.py:1206} INFO - Marking task as SUCCESS. dag_id=hello_world_dag, task_id=hello_world_task1, run_id=scheduled__2023-11-06T00:00:00+00:00, execution_date=20231106T000000, start_date=20241015T191643, end_date=20241015T191644
[2024-10-15T19:16:44.087+0000] {local_task_job_runner.py:240} INFO - Task exited with return code 0
[2024-10-15T19:16:44.199+0000] {taskinstance.py:3503} INFO - 1 downstream tasks scheduled from follow-on schedule check
[2024-10-15T19:16:44.203+0000] {local_task_job_runner.py:222} INFO - ::endgroup::
