[2024-10-15T19:19:43.079+0000] {local_task_job_runner.py:120} INFO - ::group::Pre task execution logs
[2024-10-15T19:19:43.260+0000] {taskinstance.py:2076} INFO - Dependencies all met for dep_context=non-requeueable deps ti=<TaskInstance: hello_world_dag.hello_world_task2 manual__2024-10-15T19:19:13.659233+00:00 [queued]>
[2024-10-15T19:19:43.299+0000] {taskinstance.py:2076} INFO - Dependencies all met for dep_context=requeueable deps ti=<TaskInstance: hello_world_dag.hello_world_task2 manual__2024-10-15T19:19:13.659233+00:00 [queued]>
[2024-10-15T19:19:43.302+0000] {taskinstance.py:2306} INFO - Starting attempt 1 of 1
[2024-10-15T19:19:43.599+0000] {taskinstance.py:2330} INFO - Executing <Task(BashOperator): hello_world_task2> on 2024-10-15 19:19:13.659233+00:00
[2024-10-15T19:19:43.675+0000] {warnings.py:112} WARNING - /home/***/.local/lib/python3.12/site-packages/***/task/task_runner/standard_task_runner.py:61: DeprecationWarning: This process (pid=947) is multi-threaded, use of fork() may lead to deadlocks in the child.
  pid = os.fork()

[2024-10-15T19:19:43.680+0000] {standard_task_runner.py:63} INFO - Started process 973 to run task
[2024-10-15T19:19:43.749+0000] {standard_task_runner.py:90} INFO - Running: ['***', 'tasks', 'run', 'hello_world_dag', 'hello_world_task2', 'manual__2024-10-15T19:19:13.659233+00:00', '--job-id', '162', '--raw', '--subdir', 'DAGS_FOLDER/example_hello_world.py', '--cfg-path', '/tmp/tmpzb2jhjp7']
[2024-10-15T19:19:43.801+0000] {standard_task_runner.py:91} INFO - Job 162: Subtask hello_world_task2
[2024-10-15T19:19:44.219+0000] {task_command.py:426} INFO - Running <TaskInstance: hello_world_dag.hello_world_task2 manual__2024-10-15T19:19:13.659233+00:00 [running]> on host f9b6cc3118f7
[2024-10-15T19:19:44.900+0000] {taskinstance.py:2648} INFO - Exporting env vars: AIRFLOW_CTX_DAG_OWNER='***' AIRFLOW_CTX_DAG_ID='hello_world_dag' AIRFLOW_CTX_TASK_ID='hello_world_task2' AIRFLOW_CTX_EXECUTION_DATE='2024-10-15T19:19:13.659233+00:00' AIRFLOW_CTX_TRY_NUMBER='1' AIRFLOW_CTX_DAG_RUN_ID='manual__2024-10-15T19:19:13.659233+00:00'
[2024-10-15T19:19:44.909+0000] {taskinstance.py:430} INFO - ::endgroup::
[2024-10-15T19:19:44.919+0000] {subprocess.py:63} INFO - Tmp dir root location: /tmp
[2024-10-15T19:19:44.924+0000] {subprocess.py:75} INFO - Running command: ['/usr/bin/bash', '-c', "echo 'Hello World! Now I am triggered after the first task!'"]
[2024-10-15T19:19:44.990+0000] {subprocess.py:86} INFO - Output:
[2024-10-15T19:19:44.996+0000] {subprocess.py:93} INFO - Hello World! Now I am triggered after the first task!
[2024-10-15T19:19:44.999+0000] {subprocess.py:97} INFO - Command exited with return code 0
[2024-10-15T19:19:45.002+0000] {taskinstance.py:441} INFO - ::group::Post task execution logs
[2024-10-15T19:19:45.128+0000] {taskinstance.py:1206} INFO - Marking task as SUCCESS. dag_id=hello_world_dag, task_id=hello_world_task2, run_id=manual__2024-10-15T19:19:13.659233+00:00, execution_date=20241015T191913, start_date=20241015T191943, end_date=20241015T191945
[2024-10-15T19:19:45.396+0000] {local_task_job_runner.py:240} INFO - Task exited with return code 0
[2024-10-15T19:19:45.540+0000] {taskinstance.py:3503} INFO - 0 downstream tasks scheduled from follow-on schedule check
[2024-10-15T19:19:45.572+0000] {local_task_job_runner.py:222} INFO - ::endgroup::
