[2024-10-15T19:23:43.400+0000] {local_task_job_runner.py:120} INFO - ::group::Pre task execution logs
[2024-10-15T19:23:43.584+0000] {taskinstance.py:2076} INFO - Dependencies all met for dep_context=non-requeueable deps ti=<TaskInstance: hello_world_dag.hello_world_task2 scheduled__2024-02-27T00:00:00+00:00 [queued]>
[2024-10-15T19:23:43.688+0000] {taskinstance.py:2076} INFO - Dependencies all met for dep_context=requeueable deps ti=<TaskInstance: hello_world_dag.hello_world_task2 scheduled__2024-02-27T00:00:00+00:00 [queued]>
[2024-10-15T19:23:43.689+0000] {taskinstance.py:2306} INFO - Starting attempt 1 of 1
[2024-10-15T19:23:43.761+0000] {taskinstance.py:2330} INFO - Executing <Task(BashOperator): hello_world_task2> on 2024-02-27 00:00:00+00:00
[2024-10-15T19:23:43.793+0000] {warnings.py:112} WARNING - /home/***/.local/lib/python3.12/site-packages/***/task/task_runner/standard_task_runner.py:61: DeprecationWarning: This process (pid=1536) is multi-threaded, use of fork() may lead to deadlocks in the child.
  pid = os.fork()

[2024-10-15T19:23:43.817+0000] {standard_task_runner.py:63} INFO - Started process 1586 to run task
[2024-10-15T19:23:43.840+0000] {standard_task_runner.py:90} INFO - Running: ['***', 'tasks', 'run', 'hello_world_dag', 'hello_world_task2', 'scheduled__2024-02-27T00:00:00+00:00', '--job-id', '306', '--raw', '--subdir', 'DAGS_FOLDER/example_hello_world.py', '--cfg-path', '/tmp/tmpha35ktua']
[2024-10-15T19:23:43.867+0000] {standard_task_runner.py:91} INFO - Job 306: Subtask hello_world_task2
[2024-10-15T19:23:44.213+0000] {task_command.py:426} INFO - Running <TaskInstance: hello_world_dag.hello_world_task2 scheduled__2024-02-27T00:00:00+00:00 [running]> on host f9b6cc3118f7
[2024-10-15T19:23:44.943+0000] {taskinstance.py:2648} INFO - Exporting env vars: AIRFLOW_CTX_DAG_OWNER='***' AIRFLOW_CTX_DAG_ID='hello_world_dag' AIRFLOW_CTX_TASK_ID='hello_world_task2' AIRFLOW_CTX_EXECUTION_DATE='2024-02-27T00:00:00+00:00' AIRFLOW_CTX_TRY_NUMBER='1' AIRFLOW_CTX_DAG_RUN_ID='scheduled__2024-02-27T00:00:00+00:00'
[2024-10-15T19:23:44.948+0000] {taskinstance.py:430} INFO - ::endgroup::
[2024-10-15T19:23:44.952+0000] {subprocess.py:63} INFO - Tmp dir root location: /tmp
[2024-10-15T19:23:44.959+0000] {subprocess.py:75} INFO - Running command: ['/usr/bin/bash', '-c', "echo 'Hello World! Now I am triggered after the first task!'"]
[2024-10-15T19:23:45.040+0000] {subprocess.py:86} INFO - Output:
[2024-10-15T19:23:45.046+0000] {subprocess.py:93} INFO - Hello World! Now I am triggered after the first task!
[2024-10-15T19:23:45.047+0000] {subprocess.py:97} INFO - Command exited with return code 0
[2024-10-15T19:23:45.049+0000] {taskinstance.py:441} INFO - ::group::Post task execution logs
[2024-10-15T19:23:45.232+0000] {taskinstance.py:1206} INFO - Marking task as SUCCESS. dag_id=hello_world_dag, task_id=hello_world_task2, run_id=scheduled__2024-02-27T00:00:00+00:00, execution_date=20240227T000000, start_date=20241015T192343, end_date=20241015T192345
[2024-10-15T19:23:45.361+0000] {local_task_job_runner.py:240} INFO - Task exited with return code 0
[2024-10-15T19:23:45.520+0000] {taskinstance.py:3503} INFO - 0 downstream tasks scheduled from follow-on schedule check
[2024-10-15T19:23:45.567+0000] {local_task_job_runner.py:222} INFO - ::endgroup::
