[2024-10-15T19:31:09.190+0000] {local_task_job_runner.py:120} INFO - ::group::Pre task execution logs
[2024-10-15T19:31:09.502+0000] {taskinstance.py:2076} INFO - Dependencies all met for dep_context=non-requeueable deps ti=<TaskInstance: hello_world_dag.hello_world_task1 scheduled__2024-07-06T00:00:00+00:00 [queued]>
[2024-10-15T19:31:09.609+0000] {taskinstance.py:2076} INFO - Dependencies all met for dep_context=requeueable deps ti=<TaskInstance: hello_world_dag.hello_world_task1 scheduled__2024-07-06T00:00:00+00:00 [queued]>
[2024-10-15T19:31:09.637+0000] {taskinstance.py:2306} INFO - Starting attempt 1 of 1
[2024-10-15T19:31:09.777+0000] {taskinstance.py:2330} INFO - Executing <Task(BashOperator): hello_world_task1> on 2024-07-06 00:00:00+00:00
[2024-10-15T19:31:09.847+0000] {warnings.py:112} WARNING - /home/***/.local/lib/python3.12/site-packages/***/task/task_runner/standard_task_runner.py:61: DeprecationWarning: This process (pid=2611) is multi-threaded, use of fork() may lead to deadlocks in the child.
  pid = os.fork()

[2024-10-15T19:31:09.852+0000] {standard_task_runner.py:63} INFO - Started process 2655 to run task
[2024-10-15T19:31:09.833+0000] {standard_task_runner.py:90} INFO - Running: ['***', 'tasks', 'run', 'hello_world_dag', 'hello_world_task1', 'scheduled__2024-07-06T00:00:00+00:00', '--job-id', '554', '--raw', '--subdir', 'DAGS_FOLDER/example_hello_world.py', '--cfg-path', '/tmp/tmp6vi55d5s']
[2024-10-15T19:31:09.886+0000] {standard_task_runner.py:91} INFO - Job 554: Subtask hello_world_task1
[2024-10-15T19:31:10.143+0000] {task_command.py:426} INFO - Running <TaskInstance: hello_world_dag.hello_world_task1 scheduled__2024-07-06T00:00:00+00:00 [running]> on host f9b6cc3118f7
[2024-10-15T19:31:10.984+0000] {taskinstance.py:2648} INFO - Exporting env vars: AIRFLOW_CTX_DAG_OWNER='***' AIRFLOW_CTX_DAG_ID='hello_world_dag' AIRFLOW_CTX_TASK_ID='hello_world_task1' AIRFLOW_CTX_EXECUTION_DATE='2024-07-06T00:00:00+00:00' AIRFLOW_CTX_TRY_NUMBER='1' AIRFLOW_CTX_DAG_RUN_ID='scheduled__2024-07-06T00:00:00+00:00'
[2024-10-15T19:31:11.007+0000] {taskinstance.py:430} INFO - ::endgroup::
[2024-10-15T19:31:11.026+0000] {subprocess.py:63} INFO - Tmp dir root location: /tmp
[2024-10-15T19:31:11.042+0000] {subprocess.py:75} INFO - Running command: ['/usr/bin/bash', '-c', "echo 'Hello World!'"]
[2024-10-15T19:31:11.122+0000] {subprocess.py:86} INFO - Output:
[2024-10-15T19:31:11.131+0000] {subprocess.py:93} INFO - Hello World!
[2024-10-15T19:31:11.134+0000] {subprocess.py:97} INFO - Command exited with return code 0
[2024-10-15T19:31:11.137+0000] {taskinstance.py:441} INFO - ::group::Post task execution logs
[2024-10-15T19:31:11.294+0000] {taskinstance.py:1206} INFO - Marking task as SUCCESS. dag_id=hello_world_dag, task_id=hello_world_task1, run_id=scheduled__2024-07-06T00:00:00+00:00, execution_date=20240706T000000, start_date=20241015T193109, end_date=20241015T193111
[2024-10-15T19:31:11.897+0000] {local_task_job_runner.py:240} INFO - Task exited with return code 0
[2024-10-15T19:31:12.079+0000] {taskinstance.py:3503} INFO - 1 downstream tasks scheduled from follow-on schedule check
[2024-10-15T19:31:12.106+0000] {local_task_job_runner.py:222} INFO - ::endgroup::
