[2024-10-15T19:18:57.942+0000] {local_task_job_runner.py:120} INFO - ::group::Pre task execution logs
[2024-10-15T19:18:58.992+0000] {taskinstance.py:2076} INFO - Dependencies all met for dep_context=non-requeueable deps ti=<TaskInstance: hello_world_dag.hello_world_task2 scheduled__2023-12-04T00:00:00+00:00 [queued]>
[2024-10-15T19:18:59.158+0000] {taskinstance.py:2076} INFO - Dependencies all met for dep_context=requeueable deps ti=<TaskInstance: hello_world_dag.hello_world_task2 scheduled__2023-12-04T00:00:00+00:00 [queued]>
[2024-10-15T19:18:59.176+0000] {taskinstance.py:2306} INFO - Starting attempt 1 of 1
[2024-10-15T19:18:59.995+0000] {taskinstance.py:2330} INFO - Executing <Task(BashOperator): hello_world_task2> on 2023-12-04 00:00:00+00:00
[2024-10-15T19:19:00.414+0000] {warnings.py:112} WARNING - /home/***/.local/lib/python3.12/site-packages/***/task/task_runner/standard_task_runner.py:61: DeprecationWarning: This process (pid=812) is multi-threaded, use of fork() may lead to deadlocks in the child.
  pid = os.fork()

[2024-10-15T19:19:00.552+0000] {standard_task_runner.py:63} INFO - Started process 863 to run task
[2024-10-15T19:19:00.584+0000] {standard_task_runner.py:90} INFO - Running: ['***', 'tasks', 'run', 'hello_world_dag', 'hello_world_task2', 'scheduled__2023-12-04T00:00:00+00:00', '--job-id', '136', '--raw', '--subdir', 'DAGS_FOLDER/example_hello_world.py', '--cfg-path', '/tmp/tmpf4o7mix1']
[2024-10-15T19:19:00.887+0000] {standard_task_runner.py:91} INFO - Job 136: Subtask hello_world_task2
[2024-10-15T19:19:01.903+0000] {task_command.py:426} INFO - Running <TaskInstance: hello_world_dag.hello_world_task2 scheduled__2023-12-04T00:00:00+00:00 [running]> on host f9b6cc3118f7
[2024-10-15T19:19:02.641+0000] {taskinstance.py:2648} INFO - Exporting env vars: AIRFLOW_CTX_DAG_OWNER='***' AIRFLOW_CTX_DAG_ID='hello_world_dag' AIRFLOW_CTX_TASK_ID='hello_world_task2' AIRFLOW_CTX_EXECUTION_DATE='2023-12-04T00:00:00+00:00' AIRFLOW_CTX_TRY_NUMBER='1' AIRFLOW_CTX_DAG_RUN_ID='scheduled__2023-12-04T00:00:00+00:00'
[2024-10-15T19:19:02.651+0000] {taskinstance.py:430} INFO - ::endgroup::
[2024-10-15T19:19:02.687+0000] {subprocess.py:63} INFO - Tmp dir root location: /tmp
[2024-10-15T19:19:02.706+0000] {subprocess.py:75} INFO - Running command: ['/usr/bin/bash', '-c', "echo 'Hello World! Now I am triggered after the first task!'"]
[2024-10-15T19:19:02.852+0000] {subprocess.py:86} INFO - Output:
[2024-10-15T19:19:02.865+0000] {subprocess.py:93} INFO - Hello World! Now I am triggered after the first task!
[2024-10-15T19:19:02.866+0000] {subprocess.py:97} INFO - Command exited with return code 0
[2024-10-15T19:19:02.868+0000] {taskinstance.py:441} INFO - ::group::Post task execution logs
[2024-10-15T19:19:02.998+0000] {taskinstance.py:1206} INFO - Marking task as SUCCESS. dag_id=hello_world_dag, task_id=hello_world_task2, run_id=scheduled__2023-12-04T00:00:00+00:00, execution_date=20231204T000000, start_date=20241015T191858, end_date=20241015T191902
[2024-10-15T19:19:03.112+0000] {local_task_job_runner.py:240} INFO - Task exited with return code 0
[2024-10-15T19:19:03.223+0000] {local_task_job_runner.py:222} INFO - ::endgroup::
