[2024-10-15T19:28:02.739+0000] {local_task_job_runner.py:120} INFO - ::group::Pre task execution logs
[2024-10-15T19:28:02.978+0000] {taskinstance.py:2076} INFO - Dependencies all met for dep_context=non-requeueable deps ti=<TaskInstance: hello_world_dag.hello_world_task2 scheduled__2024-05-09T00:00:00+00:00 [queued]>
[2024-10-15T19:28:03.097+0000] {taskinstance.py:2076} INFO - Dependencies all met for dep_context=requeueable deps ti=<TaskInstance: hello_world_dag.hello_world_task2 scheduled__2024-05-09T00:00:00+00:00 [queued]>
[2024-10-15T19:28:03.115+0000] {taskinstance.py:2306} INFO - Starting attempt 1 of 1
[2024-10-15T19:28:03.201+0000] {taskinstance.py:2330} INFO - Executing <Task(BashOperator): hello_world_task2> on 2024-05-09 00:00:00+00:00
[2024-10-15T19:28:03.282+0000] {warnings.py:112} WARNING - /home/***/.local/lib/python3.12/site-packages/***/task/task_runner/standard_task_runner.py:61: DeprecationWarning: This process (pid=2176) is multi-threaded, use of fork() may lead to deadlocks in the child.
  pid = os.fork()

[2024-10-15T19:28:03.289+0000] {standard_task_runner.py:63} INFO - Started process 2200 to run task
[2024-10-15T19:28:03.288+0000] {standard_task_runner.py:90} INFO - Running: ['***', 'tasks', 'run', 'hello_world_dag', 'hello_world_task2', 'scheduled__2024-05-09T00:00:00+00:00', '--job-id', '449', '--raw', '--subdir', 'DAGS_FOLDER/example_hello_world.py', '--cfg-path', '/tmp/tmp28k9vb03']
[2024-10-15T19:28:03.383+0000] {standard_task_runner.py:91} INFO - Job 449: Subtask hello_world_task2
[2024-10-15T19:28:03.932+0000] {task_command.py:426} INFO - Running <TaskInstance: hello_world_dag.hello_world_task2 scheduled__2024-05-09T00:00:00+00:00 [running]> on host f9b6cc3118f7
[2024-10-15T19:28:05.159+0000] {taskinstance.py:2648} INFO - Exporting env vars: AIRFLOW_CTX_DAG_OWNER='***' AIRFLOW_CTX_DAG_ID='hello_world_dag' AIRFLOW_CTX_TASK_ID='hello_world_task2' AIRFLOW_CTX_EXECUTION_DATE='2024-05-09T00:00:00+00:00' AIRFLOW_CTX_TRY_NUMBER='1' AIRFLOW_CTX_DAG_RUN_ID='scheduled__2024-05-09T00:00:00+00:00'
[2024-10-15T19:28:05.164+0000] {taskinstance.py:430} INFO - ::endgroup::
[2024-10-15T19:28:05.170+0000] {subprocess.py:63} INFO - Tmp dir root location: /tmp
[2024-10-15T19:28:05.173+0000] {subprocess.py:75} INFO - Running command: ['/usr/bin/bash', '-c', "echo 'Hello World! Now I am triggered after the first task!'"]
[2024-10-15T19:28:05.248+0000] {subprocess.py:86} INFO - Output:
[2024-10-15T19:28:05.258+0000] {subprocess.py:93} INFO - Hello World! Now I am triggered after the first task!
[2024-10-15T19:28:05.260+0000] {subprocess.py:97} INFO - Command exited with return code 0
[2024-10-15T19:28:05.266+0000] {taskinstance.py:441} INFO - ::group::Post task execution logs
[2024-10-15T19:28:05.464+0000] {taskinstance.py:1206} INFO - Marking task as SUCCESS. dag_id=hello_world_dag, task_id=hello_world_task2, run_id=scheduled__2024-05-09T00:00:00+00:00, execution_date=20240509T000000, start_date=20241015T192802, end_date=20241015T192805
[2024-10-15T19:28:05.681+0000] {local_task_job_runner.py:240} INFO - Task exited with return code 0
[2024-10-15T19:28:05.846+0000] {taskinstance.py:3503} INFO - 0 downstream tasks scheduled from follow-on schedule check
[2024-10-15T19:28:05.860+0000] {local_task_job_runner.py:222} INFO - ::endgroup::
