[2024-10-15T19:26:05.242+0000] {local_task_job_runner.py:120} INFO - ::group::Pre task execution logs
[2024-10-15T19:26:05.432+0000] {taskinstance.py:2076} INFO - Dependencies all met for dep_context=non-requeueable deps ti=<TaskInstance: hello_world_dag.hello_world_task1 scheduled__2024-04-09T00:00:00+00:00 [queued]>
[2024-10-15T19:26:05.543+0000] {taskinstance.py:2076} INFO - Dependencies all met for dep_context=requeueable deps ti=<TaskInstance: hello_world_dag.hello_world_task1 scheduled__2024-04-09T00:00:00+00:00 [queued]>
[2024-10-15T19:26:05.563+0000] {taskinstance.py:2306} INFO - Starting attempt 1 of 1
[2024-10-15T19:26:05.788+0000] {taskinstance.py:2330} INFO - Executing <Task(BashOperator): hello_world_task1> on 2024-04-09 00:00:00+00:00
[2024-10-15T19:26:05.831+0000] {warnings.py:112} WARNING - /home/***/.local/lib/python3.12/site-packages/***/task/task_runner/standard_task_runner.py:61: DeprecationWarning: This process (pid=1889) is multi-threaded, use of fork() may lead to deadlocks in the child.
  pid = os.fork()

[2024-10-15T19:26:05.844+0000] {standard_task_runner.py:63} INFO - Started process 1916 to run task
[2024-10-15T19:26:05.894+0000] {standard_task_runner.py:90} INFO - Running: ['***', 'tasks', 'run', 'hello_world_dag', 'hello_world_task1', 'scheduled__2024-04-09T00:00:00+00:00', '--job-id', '383', '--raw', '--subdir', 'DAGS_FOLDER/example_hello_world.py', '--cfg-path', '/tmp/tmplzx8p9uz']
[2024-10-15T19:26:05.913+0000] {standard_task_runner.py:91} INFO - Job 383: Subtask hello_world_task1
[2024-10-15T19:26:06.197+0000] {task_command.py:426} INFO - Running <TaskInstance: hello_world_dag.hello_world_task1 scheduled__2024-04-09T00:00:00+00:00 [running]> on host f9b6cc3118f7
[2024-10-15T19:26:06.949+0000] {taskinstance.py:2648} INFO - Exporting env vars: AIRFLOW_CTX_DAG_OWNER='***' AIRFLOW_CTX_DAG_ID='hello_world_dag' AIRFLOW_CTX_TASK_ID='hello_world_task1' AIRFLOW_CTX_EXECUTION_DATE='2024-04-09T00:00:00+00:00' AIRFLOW_CTX_TRY_NUMBER='1' AIRFLOW_CTX_DAG_RUN_ID='scheduled__2024-04-09T00:00:00+00:00'
[2024-10-15T19:26:06.980+0000] {taskinstance.py:430} INFO - ::endgroup::
[2024-10-15T19:26:06.986+0000] {subprocess.py:63} INFO - Tmp dir root location: /tmp
[2024-10-15T19:26:07.009+0000] {subprocess.py:75} INFO - Running command: ['/usr/bin/bash', '-c', "echo 'Hello World!'"]
[2024-10-15T19:26:07.145+0000] {subprocess.py:86} INFO - Output:
[2024-10-15T19:26:07.150+0000] {subprocess.py:93} INFO - Hello World!
[2024-10-15T19:26:07.155+0000] {subprocess.py:97} INFO - Command exited with return code 0
[2024-10-15T19:26:07.157+0000] {taskinstance.py:441} INFO - ::group::Post task execution logs
[2024-10-15T19:26:07.367+0000] {taskinstance.py:1206} INFO - Marking task as SUCCESS. dag_id=hello_world_dag, task_id=hello_world_task1, run_id=scheduled__2024-04-09T00:00:00+00:00, execution_date=20240409T000000, start_date=20241015T192605, end_date=20241015T192607
[2024-10-15T19:26:07.704+0000] {local_task_job_runner.py:240} INFO - Task exited with return code 0
[2024-10-15T19:26:07.764+0000] {taskinstance.py:3503} INFO - 1 downstream tasks scheduled from follow-on schedule check
[2024-10-15T19:26:07.771+0000] {local_task_job_runner.py:222} INFO - ::endgroup::
