[2024-10-15T19:31:33.784+0000] {local_task_job_runner.py:120} INFO - ::group::Pre task execution logs
[2024-10-15T19:31:33.947+0000] {taskinstance.py:2076} INFO - Dependencies all met for dep_context=non-requeueable deps ti=<TaskInstance: hello_world_dag.hello_world_task2 scheduled__2024-07-06T00:00:00+00:00 [queued]>
[2024-10-15T19:31:33.995+0000] {taskinstance.py:2076} INFO - Dependencies all met for dep_context=requeueable deps ti=<TaskInstance: hello_world_dag.hello_world_task2 scheduled__2024-07-06T00:00:00+00:00 [queued]>
[2024-10-15T19:31:34.000+0000] {taskinstance.py:2306} INFO - Starting attempt 1 of 1
[2024-10-15T19:31:34.152+0000] {taskinstance.py:2330} INFO - Executing <Task(BashOperator): hello_world_task2> on 2024-07-06 00:00:00+00:00
[2024-10-15T19:31:34.268+0000] {standard_task_runner.py:90} INFO - Running: ['***', 'tasks', 'run', 'hello_world_dag', 'hello_world_task2', 'scheduled__2024-07-06T00:00:00+00:00', '--job-id', '571', '--raw', '--subdir', 'DAGS_FOLDER/example_hello_world.py', '--cfg-path', '/tmp/tmpjbmalxv_']
[2024-10-15T19:31:34.276+0000] {standard_task_runner.py:91} INFO - Job 571: Subtask hello_world_task2
[2024-10-15T19:31:34.243+0000] {warnings.py:112} WARNING - /home/***/.local/lib/python3.12/site-packages/***/task/task_runner/standard_task_runner.py:61: DeprecationWarning: This process (pid=2666) is multi-threaded, use of fork() may lead to deadlocks in the child.
  pid = os.fork()

[2024-10-15T19:31:34.313+0000] {standard_task_runner.py:63} INFO - Started process 2718 to run task
[2024-10-15T19:31:34.684+0000] {task_command.py:426} INFO - Running <TaskInstance: hello_world_dag.hello_world_task2 scheduled__2024-07-06T00:00:00+00:00 [running]> on host f9b6cc3118f7
[2024-10-15T19:31:35.511+0000] {taskinstance.py:2648} INFO - Exporting env vars: AIRFLOW_CTX_DAG_OWNER='***' AIRFLOW_CTX_DAG_ID='hello_world_dag' AIRFLOW_CTX_TASK_ID='hello_world_task2' AIRFLOW_CTX_EXECUTION_DATE='2024-07-06T00:00:00+00:00' AIRFLOW_CTX_TRY_NUMBER='1' AIRFLOW_CTX_DAG_RUN_ID='scheduled__2024-07-06T00:00:00+00:00'
[2024-10-15T19:31:35.531+0000] {taskinstance.py:430} INFO - ::endgroup::
[2024-10-15T19:31:35.551+0000] {subprocess.py:63} INFO - Tmp dir root location: /tmp
[2024-10-15T19:31:35.557+0000] {subprocess.py:75} INFO - Running command: ['/usr/bin/bash', '-c', "echo 'Hello World! Now I am triggered after the first task!'"]
[2024-10-15T19:31:35.628+0000] {subprocess.py:86} INFO - Output:
[2024-10-15T19:31:35.642+0000] {subprocess.py:93} INFO - Hello World! Now I am triggered after the first task!
[2024-10-15T19:31:35.646+0000] {subprocess.py:97} INFO - Command exited with return code 0
[2024-10-15T19:31:35.648+0000] {taskinstance.py:441} INFO - ::group::Post task execution logs
[2024-10-15T19:31:35.765+0000] {taskinstance.py:1206} INFO - Marking task as SUCCESS. dag_id=hello_world_dag, task_id=hello_world_task2, run_id=scheduled__2024-07-06T00:00:00+00:00, execution_date=20240706T000000, start_date=20241015T193133, end_date=20241015T193135
[2024-10-15T19:31:35.863+0000] {local_task_job_runner.py:240} INFO - Task exited with return code 0
[2024-10-15T19:31:35.949+0000] {taskinstance.py:3503} INFO - 0 downstream tasks scheduled from follow-on schedule check
[2024-10-15T19:31:35.965+0000] {local_task_job_runner.py:222} INFO - ::endgroup::
