[2024-10-15T19:30:34.494+0000] {local_task_job_runner.py:120} INFO - ::group::Pre task execution logs
[2024-10-15T19:30:34.630+0000] {taskinstance.py:2076} INFO - Dependencies all met for dep_context=non-requeueable deps ti=<TaskInstance: hello_world_dag.hello_world_task1 scheduled__2024-06-28T00:00:00+00:00 [queued]>
[2024-10-15T19:30:34.658+0000] {taskinstance.py:2076} INFO - Dependencies all met for dep_context=requeueable deps ti=<TaskInstance: hello_world_dag.hello_world_task1 scheduled__2024-06-28T00:00:00+00:00 [queued]>
[2024-10-15T19:30:34.661+0000] {taskinstance.py:2306} INFO - Starting attempt 1 of 1
[2024-10-15T19:30:34.718+0000] {taskinstance.py:2330} INFO - Executing <Task(BashOperator): hello_world_task1> on 2024-06-28 00:00:00+00:00
[2024-10-15T19:30:34.738+0000] {warnings.py:112} WARNING - /home/***/.local/lib/python3.12/site-packages/***/task/task_runner/standard_task_runner.py:61: DeprecationWarning: This process (pid=2554) is multi-threaded, use of fork() may lead to deadlocks in the child.
  pid = os.fork()

[2024-10-15T19:30:34.742+0000] {standard_task_runner.py:63} INFO - Started process 2581 to run task
[2024-10-15T19:30:34.764+0000] {standard_task_runner.py:90} INFO - Running: ['***', 'tasks', 'run', 'hello_world_dag', 'hello_world_task1', 'scheduled__2024-06-28T00:00:00+00:00', '--job-id', '541', '--raw', '--subdir', 'DAGS_FOLDER/example_hello_world.py', '--cfg-path', '/tmp/tmpy1qcdktx']
[2024-10-15T19:30:34.770+0000] {standard_task_runner.py:91} INFO - Job 541: Subtask hello_world_task1
[2024-10-15T19:30:34.923+0000] {task_command.py:426} INFO - Running <TaskInstance: hello_world_dag.hello_world_task1 scheduled__2024-06-28T00:00:00+00:00 [running]> on host f9b6cc3118f7
[2024-10-15T19:30:35.212+0000] {taskinstance.py:2648} INFO - Exporting env vars: AIRFLOW_CTX_DAG_OWNER='***' AIRFLOW_CTX_DAG_ID='hello_world_dag' AIRFLOW_CTX_TASK_ID='hello_world_task1' AIRFLOW_CTX_EXECUTION_DATE='2024-06-28T00:00:00+00:00' AIRFLOW_CTX_TRY_NUMBER='1' AIRFLOW_CTX_DAG_RUN_ID='scheduled__2024-06-28T00:00:00+00:00'
[2024-10-15T19:30:35.221+0000] {taskinstance.py:430} INFO - ::endgroup::
[2024-10-15T19:30:35.223+0000] {subprocess.py:63} INFO - Tmp dir root location: /tmp
[2024-10-15T19:30:35.226+0000] {subprocess.py:75} INFO - Running command: ['/usr/bin/bash', '-c', "echo 'Hello World!'"]
[2024-10-15T19:30:35.255+0000] {subprocess.py:86} INFO - Output:
[2024-10-15T19:30:35.260+0000] {subprocess.py:93} INFO - Hello World!
[2024-10-15T19:30:35.262+0000] {subprocess.py:97} INFO - Command exited with return code 0
[2024-10-15T19:30:35.264+0000] {taskinstance.py:441} INFO - ::group::Post task execution logs
[2024-10-15T19:30:35.337+0000] {taskinstance.py:1206} INFO - Marking task as SUCCESS. dag_id=hello_world_dag, task_id=hello_world_task1, run_id=scheduled__2024-06-28T00:00:00+00:00, execution_date=20240628T000000, start_date=20241015T193034, end_date=20241015T193035
[2024-10-15T19:30:35.404+0000] {local_task_job_runner.py:240} INFO - Task exited with return code 0
[2024-10-15T19:30:35.472+0000] {taskinstance.py:3503} INFO - 1 downstream tasks scheduled from follow-on schedule check
[2024-10-15T19:30:35.486+0000] {local_task_job_runner.py:222} INFO - ::endgroup::
